# Logfile created on 2014-01-13 20:57:14 -0500 by logger.rb/36483
I, [2014-01-13T20:57:14.027384 #49491]  INFO -- : 0:  rake (10.0.4) from /Users/rmerrill/.rbenv/versions/2.0.0-p247/lib/ruby/gems/2.0.0/specifications/rake-10.0.4.gemspec
I, [2014-01-13T20:57:15.149653 #49491]  INFO -- : 0:  i18n (0.6.1) from /Users/rmerrill/.rbenv/versions/2.0.0-p247/lib/ruby/gems/2.0.0/specifications/i18n-0.6.1.gemspec
I, [2014-01-13T20:57:15.149993 #49491]  INFO -- : 0:  multi_json (1.7.7) from /Users/rmerrill/.rbenv/versions/2.0.0-p247/lib/ruby/gems/2.0.0/specifications/multi_json-1.7.7.gemspec
I, [2014-01-13T20:57:17.355164 #49491]  INFO -- : 0:  activesupport (3.2.13) from /Users/rmerrill/.rbenv/versions/2.0.0-p247/lib/ruby/gems/2.0.0/specifications/activesupport-3.2.13.gemspec
I, [2014-01-13T20:57:17.355497 #49491]  INFO -- : 0:  sass (3.2.12) from /Users/rmerrill/.rbenv/versions/2.0.0-p247/lib/ruby/gems/2.0.0/specifications/sass-3.2.12.gemspec
I, [2014-01-13T20:57:19.120647 #49491]  INFO -- : 0:  bootstrap-sass (3.0.0.0) from /Users/rmerrill/.rbenv/versions/2.0.0-p247/lib/ruby/gems/2.0.0/specifications/bootstrap-sass-3.0.0.0.gemspec
I, [2014-01-13T20:57:19.120985 #49491]  INFO -- : 0:  chunky_png (1.2.8) from /Users/rmerrill/.rbenv/versions/2.0.0-p247/lib/ruby/gems/2.0.0/specifications/chunky_png-1.2.8.gemspec
I, [2014-01-13T20:57:20.145244 #49491]  INFO -- : 0:  coffee-script-source (1.3.3) from /Users/rmerrill/.rbenv/versions/2.0.0-p247/lib/ruby/gems/2.0.0/specifications/coffee-script-source-1.3.3.gemspec
I, [2014-01-13T20:57:20.145583 #49491]  INFO -- : 0:  execjs (1.4.0) from /Users/rmerrill/.rbenv/versions/2.0.0-p247/lib/ruby/gems/2.0.0/specifications/execjs-1.4.0.gemspec
I, [2014-01-13T20:57:20.145824 #49491]  INFO -- : 0:  coffee-script (2.2.0) from /Users/rmerrill/.rbenv/versions/2.0.0-p247/lib/ruby/gems/2.0.0/specifications/coffee-script-2.2.0.gemspec
I, [2014-01-13T20:57:20.146056 #49491]  INFO -- : 0:  fssm (0.2.10) from /Users/rmerrill/.rbenv/versions/2.0.0-p247/lib/ruby/gems/2.0.0/specifications/fssm-0.2.10.gemspec
I, [2014-01-13T20:57:20.146287 #49491]  INFO -- : 0:  compass (0.12.2) from /Users/rmerrill/.rbenv/versions/2.0.0-p247/lib/ruby/gems/2.0.0/specifications/compass-0.12.2.gemspec
I, [2014-01-13T20:57:20.146515 #49491]  INFO -- : 0:  eventmachine (1.0.3) from /Users/rmerrill/.rbenv/versions/2.0.0-p247/lib/ruby/gems/2.0.0/specifications/eventmachine-1.0.3.gemspec
I, [2014-01-13T20:57:20.146746 #49491]  INFO -- : 0:  http_parser.rb (0.5.3) from /Users/rmerrill/.rbenv/versions/2.0.0-p247/lib/ruby/gems/2.0.0/specifications/http_parser.rb-0.5.3.gemspec
I, [2014-01-13T20:57:20.146973 #49491]  INFO -- : 0:  em-websocket (0.5.0) from /Users/rmerrill/.rbenv/versions/2.0.0-p247/lib/ruby/gems/2.0.0/specifications/em-websocket-0.5.0.gemspec
I, [2014-01-13T20:57:20.147201 #49491]  INFO -- : 0:  tilt (1.3.7) from /Users/rmerrill/.rbenv/versions/2.0.0-p247/lib/ruby/gems/2.0.0/specifications/tilt-1.3.7.gemspec
I, [2014-01-13T20:57:20.147424 #49491]  INFO -- : 0:  haml (4.0.3) from /Users/rmerrill/.rbenv/versions/2.0.0-p247/lib/ruby/gems/2.0.0/specifications/haml-4.0.3.gemspec
I, [2014-01-13T20:57:20.147685 #49491]  INFO -- : 0:  hike (1.2.3) from /Users/rmerrill/.rbenv/versions/2.0.0-p247/lib/ruby/gems/2.0.0/specifications/hike-1.2.3.gemspec
I, [2014-01-13T20:57:21.371022 #49491]  INFO -- : 0:  rack (1.4.5) from /Users/rmerrill/.rbenv/versions/2.0.0-p247/lib/ruby/gems/2.0.0/specifications/rack-1.4.5.gemspec
I, [2014-01-13T20:57:22.402483 #49491]  INFO -- : 0:  url_mount (0.2.1) from /Users/rmerrill/.rbenv/versions/2.0.0-p247/lib/ruby/gems/2.0.0/specifications/url_mount-0.2.1.gemspec
I, [2014-01-13T20:57:23.572253 #49491]  INFO -- : 0:  http_router (0.10.2) from /Users/rmerrill/.rbenv/versions/2.0.0-p247/lib/ruby/gems/2.0.0/specifications/http_router-0.10.2.gemspec
I, [2014-01-13T20:57:24.773512 #49491]  INFO -- : 0:  httpclient (2.3.3) from /Users/rmerrill/.rbenv/versions/2.0.0-p247/lib/ruby/gems/2.0.0/specifications/httpclient-2.3.3.gemspec
I, [2014-01-13T20:57:24.773835 #49491]  INFO -- : 0:  json (1.8.0) from /Users/rmerrill/.rbenv/versions/2.0.0-p247/lib/ruby/gems/2.0.0/specifications/json-1.8.0.gemspec
I, [2014-01-13T20:57:26.183163 #49491]  INFO -- : 0:  listen (0.7.3) from /Users/rmerrill/.rbenv/versions/2.0.0-p247/lib/ruby/gems/2.0.0/specifications/listen-0.7.3.gemspec
I, [2014-01-13T20:57:27.308435 #49491]  INFO -- : 0:  syntax (1.0.0) from /Users/rmerrill/.rbenv/versions/2.0.0-p247/lib/ruby/gems/2.0.0/specifications/syntax-1.0.0.gemspec
I, [2014-01-13T20:57:29.768419 #49491]  INFO -- : 0:  maruku (0.6.1) from /Users/rmerrill/.rbenv/versions/2.0.0-p247/lib/ruby/gems/2.0.0/specifications/maruku-0.6.1.gemspec
I, [2014-01-13T20:57:29.768744 #49491]  INFO -- : 0:  bundler (1.5.1) from /Users/rmerrill/.rbenv/versions/2.0.0-p247/lib/ruby/gems/2.0.0/specifications/bundler-1.5.1.gemspec
I, [2014-01-13T20:57:29.768996 #49491]  INFO -- : 0:  rack-test (0.6.2) from /Users/rmerrill/.rbenv/versions/2.0.0-p247/lib/ruby/gems/2.0.0/specifications/rack-test-0.6.2.gemspec
I, [2014-01-13T20:57:29.769223 #49491]  INFO -- : 0:  rb-fsevent (0.9.3) from /Users/rmerrill/.rbenv/versions/2.0.0-p247/lib/ruby/gems/2.0.0/specifications/rb-fsevent-0.9.3.gemspec
I, [2014-01-13T20:57:30.900174 #49491]  INFO -- : 0:  thor (0.15.4) from /Users/rmerrill/.rbenv/versions/2.0.0-p247/lib/ruby/gems/2.0.0/specifications/thor-0.15.4.gemspec
I, [2014-01-13T20:57:32.950052 #49491]  INFO -- : 0:  middleman-core (3.0.14) from /Users/rmerrill/.rbenv/versions/2.0.0-p247/lib/ruby/gems/2.0.0/specifications/middleman-core-3.0.14.gemspec
I, [2014-01-13T20:57:34.211027 #49491]  INFO -- : 0:  rack-protection (1.5.0) from /Users/rmerrill/.rbenv/versions/2.0.0-p247/lib/ruby/gems/2.0.0/specifications/rack-protection-1.5.0.gemspec
I, [2014-01-13T20:57:36.611722 #49491]  INFO -- : 0:  sinatra (1.3.6) from /Users/rmerrill/.rbenv/versions/2.0.0-p247/lib/ruby/gems/2.0.0/specifications/sinatra-1.3.6.gemspec
I, [2014-01-13T20:57:38.251337 #49491]  INFO -- : 0:  padrino-core (0.10.7) from /Users/rmerrill/.rbenv/versions/2.0.0-p247/lib/ruby/gems/2.0.0/specifications/padrino-core-0.10.7.gemspec
I, [2014-01-13T20:57:39.329213 #49491]  INFO -- : 0:  padrino-helpers (0.10.7) from /Users/rmerrill/.rbenv/versions/2.0.0-p247/lib/ruby/gems/2.0.0/specifications/padrino-helpers-0.10.7.gemspec
I, [2014-01-13T20:57:40.309243 #49491]  INFO -- : 0:  uglifier (1.2.7) from /Users/rmerrill/.rbenv/versions/2.0.0-p247/lib/ruby/gems/2.0.0/specifications/uglifier-1.2.7.gemspec
I, [2014-01-13T20:57:42.316144 #49491]  INFO -- : 0:  middleman-more (3.0.14) from /Users/rmerrill/.rbenv/versions/2.0.0-p247/lib/ruby/gems/2.0.0/specifications/middleman-more-3.0.14.gemspec
I, [2014-01-13T20:57:43.309726 #49491]  INFO -- : 0:  sprockets (2.2.2) from /Users/rmerrill/.rbenv/versions/2.0.0-p247/lib/ruby/gems/2.0.0/specifications/sprockets-2.2.2.gemspec
I, [2014-01-13T20:57:43.310098 #49491]  INFO -- : 0:  sprockets-helpers (1.0.1) from /Users/rmerrill/.rbenv/versions/2.0.0-p247/lib/ruby/gems/2.0.0/specifications/sprockets-helpers-1.0.1.gemspec
I, [2014-01-13T20:57:44.556337 #49491]  INFO -- : 0:  sprockets-sass (1.0.1) from /Users/rmerrill/.rbenv/versions/2.0.0-p247/lib/ruby/gems/2.0.0/specifications/sprockets-sass-1.0.1.gemspec
I, [2014-01-13T20:57:45.976014 #49491]  INFO -- : 0:  middleman-sprockets (3.1.2) from /Users/rmerrill/.rbenv/versions/2.0.0-p247/lib/ruby/gems/2.0.0/specifications/middleman-sprockets-3.1.2.gemspec
I, [2014-01-13T20:57:47.165119 #49491]  INFO -- : 0:  middleman (3.0.14) from /Users/rmerrill/.rbenv/versions/2.0.0-p247/lib/ruby/gems/2.0.0/specifications/middleman-3.0.14.gemspec
I, [2014-01-13T20:57:47.165449 #49491]  INFO -- : 0:  rack-livereload (0.3.15) from /Users/rmerrill/.rbenv/versions/2.0.0-p247/lib/ruby/gems/2.0.0/specifications/rack-livereload-0.3.15.gemspec
I, [2014-01-13T20:57:47.975270 #49491]  INFO -- : 0:  middleman-livereload (3.0.1) from /Users/rmerrill/.rbenv/versions/2.0.0-p247/lib/ruby/gems/2.0.0/specifications/middleman-livereload-3.0.1.gemspec
I, [2014-01-13T20:57:47.975581 #49491]  INFO -- : 0:  smusher (0.4.9) from /Users/rmerrill/.rbenv/versions/2.0.0-p247/lib/ruby/gems/2.0.0/specifications/smusher-0.4.9.gemspec
I, [2014-01-13T20:57:47.975829 #49491]  INFO -- : 0:  middleman-smusher (3.0.0) from /Users/rmerrill/.rbenv/versions/2.0.0-p247/lib/ruby/gems/2.0.0/specifications/middleman-smusher-3.0.0.gemspec
I, [2014-01-13T20:57:47.976071 #49491]  INFO -- : 0:  susy (1.0.8) from /Users/rmerrill/.rbenv/versions/2.0.0-p247/lib/ruby/gems/2.0.0/specifications/susy-1.0.8.gemspec
I, [2014-03-26T16:21:10.674987 #2771]  INFO -- : 0:  rake (10.0.4) from /Users/rmerrill/.rbenv/versions/2.0.0-p247/lib/ruby/gems/2.0.0/specifications/rake-10.0.4.gemspec
I, [2014-03-26T16:21:10.675857 #2771]  INFO -- : 0:  i18n (0.6.1) from /Users/rmerrill/.rbenv/versions/2.0.0-p247/lib/ruby/gems/2.0.0/specifications/i18n-0.6.1.gemspec
I, [2014-03-26T16:21:10.676146 #2771]  INFO -- : 0:  multi_json (1.7.7) from /Users/rmerrill/.rbenv/versions/2.0.0-p247/lib/ruby/gems/2.0.0/specifications/multi_json-1.7.7.gemspec
I, [2014-03-26T16:21:10.676406 #2771]  INFO -- : 0:  activesupport (3.2.13) from /Users/rmerrill/.rbenv/versions/2.0.0-p247/lib/ruby/gems/2.0.0/specifications/activesupport-3.2.13.gemspec
I, [2014-03-26T16:21:10.676658 #2771]  INFO -- : 0:  sass (3.2.12) from /Users/rmerrill/.rbenv/versions/2.0.0-p247/lib/ruby/gems/2.0.0/specifications/sass-3.2.12.gemspec
I, [2014-03-26T16:21:10.676906 #2771]  INFO -- : 0:  thor (0.15.4) from /Users/rmerrill/.rbenv/versions/2.0.0-p247/lib/ruby/gems/2.0.0/specifications/thor-0.15.4.gemspec
I, [2014-03-26T16:21:11.785971 #2771]  INFO -- : 0:  bourbon (3.1.8) from /Users/rmerrill/.rbenv/versions/2.0.0-p247/lib/ruby/gems/2.0.0/specifications/bourbon-3.1.8.gemspec
I, [2014-03-26T16:21:12.673111 #2771]  INFO -- : 0:  bitters (0.9.3) from /Users/rmerrill/.rbenv/versions/2.0.0-p247/lib/ruby/gems/2.0.0/specifications/bitters-0.9.3.gemspec
I, [2014-03-26T16:21:12.673389 #2771]  INFO -- : 0:  bundler (1.5.1) from /Users/rmerrill/.rbenv/versions/2.0.0-p247/lib/ruby/gems/2.0.0/specifications/bundler-1.5.1.gemspec
I, [2014-03-26T16:21:12.673643 #2771]  INFO -- : 0:  chunky_png (1.2.8) from /Users/rmerrill/.rbenv/versions/2.0.0-p247/lib/ruby/gems/2.0.0/specifications/chunky_png-1.2.8.gemspec
I, [2014-03-26T16:21:12.673865 #2771]  INFO -- : 0:  coffee-script-source (1.3.3) from /Users/rmerrill/.rbenv/versions/2.0.0-p247/lib/ruby/gems/2.0.0/specifications/coffee-script-source-1.3.3.gemspec
I, [2014-03-26T16:21:12.674106 #2771]  INFO -- : 0:  execjs (1.4.0) from /Users/rmerrill/.rbenv/versions/2.0.0-p247/lib/ruby/gems/2.0.0/specifications/execjs-1.4.0.gemspec
I, [2014-03-26T16:21:12.674326 #2771]  INFO -- : 0:  coffee-script (2.2.0) from /Users/rmerrill/.rbenv/versions/2.0.0-p247/lib/ruby/gems/2.0.0/specifications/coffee-script-2.2.0.gemspec
I, [2014-03-26T16:21:12.674549 #2771]  INFO -- : 0:  fssm (0.2.10) from /Users/rmerrill/.rbenv/versions/2.0.0-p247/lib/ruby/gems/2.0.0/specifications/fssm-0.2.10.gemspec
I, [2014-03-26T16:21:12.674781 #2771]  INFO -- : 0:  compass (0.12.2) from /Users/rmerrill/.rbenv/versions/2.0.0-p247/lib/ruby/gems/2.0.0/specifications/compass-0.12.2.gemspec
I, [2014-03-26T16:21:12.674978 #2771]  INFO -- : 0:  eventmachine (1.0.3) from /Users/rmerrill/.rbenv/versions/2.0.0-p247/lib/ruby/gems/2.0.0/specifications/eventmachine-1.0.3.gemspec
I, [2014-03-26T16:21:12.675173 #2771]  INFO -- : 0:  http_parser.rb (0.5.3) from /Users/rmerrill/.rbenv/versions/2.0.0-p247/lib/ruby/gems/2.0.0/specifications/http_parser.rb-0.5.3.gemspec
I, [2014-03-26T16:21:12.675363 #2771]  INFO -- : 0:  em-websocket (0.5.0) from /Users/rmerrill/.rbenv/versions/2.0.0-p247/lib/ruby/gems/2.0.0/specifications/em-websocket-0.5.0.gemspec
I, [2014-03-26T16:21:12.675558 #2771]  INFO -- : 0:  tilt (1.3.7) from /Users/rmerrill/.rbenv/versions/2.0.0-p247/lib/ruby/gems/2.0.0/specifications/tilt-1.3.7.gemspec
I, [2014-03-26T16:21:12.675753 #2771]  INFO -- : 0:  haml (4.0.3) from /Users/rmerrill/.rbenv/versions/2.0.0-p247/lib/ruby/gems/2.0.0/specifications/haml-4.0.3.gemspec
I, [2014-03-26T16:21:12.675951 #2771]  INFO -- : 0:  hike (1.2.3) from /Users/rmerrill/.rbenv/versions/2.0.0-p247/lib/ruby/gems/2.0.0/specifications/hike-1.2.3.gemspec
I, [2014-03-26T16:21:12.676148 #2771]  INFO -- : 0:  rack (1.4.5) from /Users/rmerrill/.rbenv/versions/2.0.0-p247/lib/ruby/gems/2.0.0/specifications/rack-1.4.5.gemspec
I, [2014-03-26T16:21:12.676331 #2771]  INFO -- : 0:  url_mount (0.2.1) from /Users/rmerrill/.rbenv/versions/2.0.0-p247/lib/ruby/gems/2.0.0/specifications/url_mount-0.2.1.gemspec
I, [2014-03-26T16:21:12.676511 #2771]  INFO -- : 0:  http_router (0.10.2) from /Users/rmerrill/.rbenv/versions/2.0.0-p247/lib/ruby/gems/2.0.0/specifications/http_router-0.10.2.gemspec
I, [2014-03-26T16:21:12.676696 #2771]  INFO -- : 0:  httpclient (2.3.3) from /Users/rmerrill/.rbenv/versions/2.0.0-p247/lib/ruby/gems/2.0.0/specifications/httpclient-2.3.3.gemspec
I, [2014-03-26T16:21:12.676880 #2771]  INFO -- : 0:  json (1.8.0) from /Users/rmerrill/.rbenv/versions/2.0.0-p247/lib/ruby/gems/2.0.0/specifications/json-1.8.0.gemspec
I, [2014-03-26T16:21:12.677064 #2771]  INFO -- : 0:  listen (0.7.3) from /Users/rmerrill/.rbenv/versions/2.0.0-p247/lib/ruby/gems/2.0.0/specifications/listen-0.7.3.gemspec
I, [2014-03-26T16:21:12.677244 #2771]  INFO -- : 0:  syntax (1.0.0) from /Users/rmerrill/.rbenv/versions/2.0.0-p247/lib/ruby/gems/2.0.0/specifications/syntax-1.0.0.gemspec
I, [2014-03-26T16:21:12.677423 #2771]  INFO -- : 0:  maruku (0.6.1) from /Users/rmerrill/.rbenv/versions/2.0.0-p247/lib/ruby/gems/2.0.0/specifications/maruku-0.6.1.gemspec
I, [2014-03-26T16:21:12.677601 #2771]  INFO -- : 0:  rack-test (0.6.2) from /Users/rmerrill/.rbenv/versions/2.0.0-p247/lib/ruby/gems/2.0.0/specifications/rack-test-0.6.2.gemspec
I, [2014-03-26T16:21:12.677783 #2771]  INFO -- : 0:  rb-fsevent (0.9.3) from /Users/rmerrill/.rbenv/versions/2.0.0-p247/lib/ruby/gems/2.0.0/specifications/rb-fsevent-0.9.3.gemspec
I, [2014-03-26T16:21:12.677974 #2771]  INFO -- : 0:  middleman-core (3.0.14) from /Users/rmerrill/.rbenv/versions/2.0.0-p247/lib/ruby/gems/2.0.0/specifications/middleman-core-3.0.14.gemspec
I, [2014-03-26T16:21:12.678161 #2771]  INFO -- : 0:  rack-protection (1.5.0) from /Users/rmerrill/.rbenv/versions/2.0.0-p247/lib/ruby/gems/2.0.0/specifications/rack-protection-1.5.0.gemspec
I, [2014-03-26T16:21:12.678343 #2771]  INFO -- : 0:  sinatra (1.3.6) from /Users/rmerrill/.rbenv/versions/2.0.0-p247/lib/ruby/gems/2.0.0/specifications/sinatra-1.3.6.gemspec
I, [2014-03-26T16:21:12.678528 #2771]  INFO -- : 0:  padrino-core (0.10.7) from /Users/rmerrill/.rbenv/versions/2.0.0-p247/lib/ruby/gems/2.0.0/specifications/padrino-core-0.10.7.gemspec
I, [2014-03-26T16:21:12.678709 #2771]  INFO -- : 0:  padrino-helpers (0.10.7) from /Users/rmerrill/.rbenv/versions/2.0.0-p247/lib/ruby/gems/2.0.0/specifications/padrino-helpers-0.10.7.gemspec
I, [2014-03-26T16:21:12.678892 #2771]  INFO -- : 0:  uglifier (1.2.7) from /Users/rmerrill/.rbenv/versions/2.0.0-p247/lib/ruby/gems/2.0.0/specifications/uglifier-1.2.7.gemspec
I, [2014-03-26T16:21:12.679074 #2771]  INFO -- : 0:  middleman-more (3.0.14) from /Users/rmerrill/.rbenv/versions/2.0.0-p247/lib/ruby/gems/2.0.0/specifications/middleman-more-3.0.14.gemspec
I, [2014-03-26T16:21:12.679257 #2771]  INFO -- : 0:  sprockets (2.2.2) from /Users/rmerrill/.rbenv/versions/2.0.0-p247/lib/ruby/gems/2.0.0/specifications/sprockets-2.2.2.gemspec
I, [2014-03-26T16:21:12.679436 #2771]  INFO -- : 0:  sprockets-helpers (1.0.1) from /Users/rmerrill/.rbenv/versions/2.0.0-p247/lib/ruby/gems/2.0.0/specifications/sprockets-helpers-1.0.1.gemspec
I, [2014-03-26T16:21:12.679615 #2771]  INFO -- : 0:  sprockets-sass (1.0.1) from /Users/rmerrill/.rbenv/versions/2.0.0-p247/lib/ruby/gems/2.0.0/specifications/sprockets-sass-1.0.1.gemspec
I, [2014-03-26T16:21:12.679805 #2771]  INFO -- : 0:  middleman-sprockets (3.1.2) from /Users/rmerrill/.rbenv/versions/2.0.0-p247/lib/ruby/gems/2.0.0/specifications/middleman-sprockets-3.1.2.gemspec
I, [2014-03-26T16:21:12.679994 #2771]  INFO -- : 0:  middleman (3.0.14) from /Users/rmerrill/.rbenv/versions/2.0.0-p247/lib/ruby/gems/2.0.0/specifications/middleman-3.0.14.gemspec
I, [2014-03-26T16:21:12.680173 #2771]  INFO -- : 0:  rack-livereload (0.3.15) from /Users/rmerrill/.rbenv/versions/2.0.0-p247/lib/ruby/gems/2.0.0/specifications/rack-livereload-0.3.15.gemspec
I, [2014-03-26T16:21:12.680368 #2771]  INFO -- : 0:  middleman-livereload (3.0.1) from /Users/rmerrill/.rbenv/versions/2.0.0-p247/lib/ruby/gems/2.0.0/specifications/middleman-livereload-3.0.1.gemspec
I, [2014-03-26T16:21:12.680544 #2771]  INFO -- : 0:  smusher (0.4.9) from /Users/rmerrill/.rbenv/versions/2.0.0-p247/lib/ruby/gems/2.0.0/specifications/smusher-0.4.9.gemspec
I, [2014-03-26T16:21:12.680726 #2771]  INFO -- : 0:  middleman-smusher (3.0.0) from /Users/rmerrill/.rbenv/versions/2.0.0-p247/lib/ruby/gems/2.0.0/specifications/middleman-smusher-3.0.0.gemspec
I, [2014-03-26T16:21:12.680910 #2771]  INFO -- : 0:  susy (1.0.8) from /Users/rmerrill/.rbenv/versions/2.0.0-p247/lib/ruby/gems/2.0.0/specifications/susy-1.0.8.gemspec
I, [2014-03-26T16:29:31.742379 #3598]  INFO -- : 0:  rake (10.0.4) from /Users/rmerrill/.rbenv/versions/2.0.0-p247/lib/ruby/gems/2.0.0/specifications/rake-10.0.4.gemspec
I, [2014-03-26T16:29:31.742693 #3598]  INFO -- : 0:  i18n (0.6.1) from /Users/rmerrill/.rbenv/versions/2.0.0-p247/lib/ruby/gems/2.0.0/specifications/i18n-0.6.1.gemspec
I, [2014-03-26T16:29:31.742944 #3598]  INFO -- : 0:  multi_json (1.7.7) from /Users/rmerrill/.rbenv/versions/2.0.0-p247/lib/ruby/gems/2.0.0/specifications/multi_json-1.7.7.gemspec
I, [2014-03-26T16:29:31.743185 #3598]  INFO -- : 0:  activesupport (3.2.13) from /Users/rmerrill/.rbenv/versions/2.0.0-p247/lib/ruby/gems/2.0.0/specifications/activesupport-3.2.13.gemspec
I, [2014-03-26T16:29:31.743416 #3598]  INFO -- : 0:  execjs (1.4.0) from /Users/rmerrill/.rbenv/versions/2.0.0-p247/lib/ruby/gems/2.0.0/specifications/execjs-1.4.0.gemspec
I, [2014-03-26T16:29:32.762594 #3598]  INFO -- : 0:  autoprefixer-rails (0.8.20131213) from /Users/rmerrill/.rbenv/versions/2.0.0-p247/lib/ruby/gems/2.0.0/specifications/autoprefixer-rails-0.8.20131213.gemspec
I, [2014-03-26T16:29:32.762949 #3598]  INFO -- : 0:  sass (3.2.12) from /Users/rmerrill/.rbenv/versions/2.0.0-p247/lib/ruby/gems/2.0.0/specifications/sass-3.2.12.gemspec
I, [2014-03-26T16:29:32.763200 #3598]  INFO -- : 0:  thor (0.15.4) from /Users/rmerrill/.rbenv/versions/2.0.0-p247/lib/ruby/gems/2.0.0/specifications/thor-0.15.4.gemspec
I, [2014-03-26T16:29:32.763439 #3598]  INFO -- : 0:  bourbon (3.1.8) from /Users/rmerrill/.rbenv/versions/2.0.0-p247/lib/ruby/gems/2.0.0/specifications/bourbon-3.1.8.gemspec
I, [2014-03-26T16:29:32.763667 #3598]  INFO -- : 0:  bitters (0.9.3) from /Users/rmerrill/.rbenv/versions/2.0.0-p247/lib/ruby/gems/2.0.0/specifications/bitters-0.9.3.gemspec
I, [2014-03-26T16:29:32.763878 #3598]  INFO -- : 0:  bundler (1.5.1) from /Users/rmerrill/.rbenv/versions/2.0.0-p247/lib/ruby/gems/2.0.0/specifications/bundler-1.5.1.gemspec
I, [2014-03-26T16:29:32.764138 #3598]  INFO -- : 0:  chunky_png (1.2.8) from /Users/rmerrill/.rbenv/versions/2.0.0-p247/lib/ruby/gems/2.0.0/specifications/chunky_png-1.2.8.gemspec
I, [2014-03-26T16:29:32.764379 #3598]  INFO -- : 0:  coffee-script-source (1.3.3) from /Users/rmerrill/.rbenv/versions/2.0.0-p247/lib/ruby/gems/2.0.0/specifications/coffee-script-source-1.3.3.gemspec
I, [2014-03-26T16:29:32.764576 #3598]  INFO -- : 0:  coffee-script (2.2.0) from /Users/rmerrill/.rbenv/versions/2.0.0-p247/lib/ruby/gems/2.0.0/specifications/coffee-script-2.2.0.gemspec
I, [2014-03-26T16:29:32.764791 #3598]  INFO -- : 0:  fssm (0.2.10) from /Users/rmerrill/.rbenv/versions/2.0.0-p247/lib/ruby/gems/2.0.0/specifications/fssm-0.2.10.gemspec
I, [2014-03-26T16:29:32.765043 #3598]  INFO -- : 0:  compass (0.12.2) from /Users/rmerrill/.rbenv/versions/2.0.0-p247/lib/ruby/gems/2.0.0/specifications/compass-0.12.2.gemspec
I, [2014-03-26T16:29:32.765258 #3598]  INFO -- : 0:  eventmachine (1.0.3) from /Users/rmerrill/.rbenv/versions/2.0.0-p247/lib/ruby/gems/2.0.0/specifications/eventmachine-1.0.3.gemspec
I, [2014-03-26T16:29:32.765465 #3598]  INFO -- : 0:  http_parser.rb (0.5.3) from /Users/rmerrill/.rbenv/versions/2.0.0-p247/lib/ruby/gems/2.0.0/specifications/http_parser.rb-0.5.3.gemspec
I, [2014-03-26T16:29:32.765674 #3598]  INFO -- : 0:  em-websocket (0.5.0) from /Users/rmerrill/.rbenv/versions/2.0.0-p247/lib/ruby/gems/2.0.0/specifications/em-websocket-0.5.0.gemspec
I, [2014-03-26T16:29:32.765866 #3598]  INFO -- : 0:  tilt (1.3.7) from /Users/rmerrill/.rbenv/versions/2.0.0-p247/lib/ruby/gems/2.0.0/specifications/tilt-1.3.7.gemspec
I, [2014-03-26T16:29:32.766052 #3598]  INFO -- : 0:  haml (4.0.3) from /Users/rmerrill/.rbenv/versions/2.0.0-p247/lib/ruby/gems/2.0.0/specifications/haml-4.0.3.gemspec
I, [2014-03-26T16:29:32.766247 #3598]  INFO -- : 0:  hike (1.2.3) from /Users/rmerrill/.rbenv/versions/2.0.0-p247/lib/ruby/gems/2.0.0/specifications/hike-1.2.3.gemspec
I, [2014-03-26T16:29:32.766447 #3598]  INFO -- : 0:  rack (1.4.5) from /Users/rmerrill/.rbenv/versions/2.0.0-p247/lib/ruby/gems/2.0.0/specifications/rack-1.4.5.gemspec
I, [2014-03-26T16:29:32.766639 #3598]  INFO -- : 0:  url_mount (0.2.1) from /Users/rmerrill/.rbenv/versions/2.0.0-p247/lib/ruby/gems/2.0.0/specifications/url_mount-0.2.1.gemspec
I, [2014-03-26T16:29:32.766832 #3598]  INFO -- : 0:  http_router (0.10.2) from /Users/rmerrill/.rbenv/versions/2.0.0-p247/lib/ruby/gems/2.0.0/specifications/http_router-0.10.2.gemspec
I, [2014-03-26T16:29:32.767034 #3598]  INFO -- : 0:  httpclient (2.3.3) from /Users/rmerrill/.rbenv/versions/2.0.0-p247/lib/ruby/gems/2.0.0/specifications/httpclient-2.3.3.gemspec
I, [2014-03-26T16:29:32.767237 #3598]  INFO -- : 0:  json (1.8.0) from /Users/rmerrill/.rbenv/versions/2.0.0-p247/lib/ruby/gems/2.0.0/specifications/json-1.8.0.gemspec
I, [2014-03-26T16:29:32.767427 #3598]  INFO -- : 0:  listen (0.7.3) from /Users/rmerrill/.rbenv/versions/2.0.0-p247/lib/ruby/gems/2.0.0/specifications/listen-0.7.3.gemspec
I, [2014-03-26T16:29:32.767611 #3598]  INFO -- : 0:  syntax (1.0.0) from /Users/rmerrill/.rbenv/versions/2.0.0-p247/lib/ruby/gems/2.0.0/specifications/syntax-1.0.0.gemspec
I, [2014-03-26T16:29:32.767793 #3598]  INFO -- : 0:  maruku (0.6.1) from /Users/rmerrill/.rbenv/versions/2.0.0-p247/lib/ruby/gems/2.0.0/specifications/maruku-0.6.1.gemspec
I, [2014-03-26T16:29:32.767975 #3598]  INFO -- : 0:  rack-test (0.6.2) from /Users/rmerrill/.rbenv/versions/2.0.0-p247/lib/ruby/gems/2.0.0/specifications/rack-test-0.6.2.gemspec
I, [2014-03-26T16:29:32.768158 #3598]  INFO -- : 0:  rb-fsevent (0.9.3) from /Users/rmerrill/.rbenv/versions/2.0.0-p247/lib/ruby/gems/2.0.0/specifications/rb-fsevent-0.9.3.gemspec
I, [2014-03-26T16:29:32.768353 #3598]  INFO -- : 0:  middleman-core (3.0.14) from /Users/rmerrill/.rbenv/versions/2.0.0-p247/lib/ruby/gems/2.0.0/specifications/middleman-core-3.0.14.gemspec
I, [2014-03-26T16:29:32.768541 #3598]  INFO -- : 0:  rack-protection (1.5.0) from /Users/rmerrill/.rbenv/versions/2.0.0-p247/lib/ruby/gems/2.0.0/specifications/rack-protection-1.5.0.gemspec
I, [2014-03-26T16:29:32.768725 #3598]  INFO -- : 0:  sinatra (1.3.6) from /Users/rmerrill/.rbenv/versions/2.0.0-p247/lib/ruby/gems/2.0.0/specifications/sinatra-1.3.6.gemspec
I, [2014-03-26T16:29:32.768912 #3598]  INFO -- : 0:  padrino-core (0.10.7) from /Users/rmerrill/.rbenv/versions/2.0.0-p247/lib/ruby/gems/2.0.0/specifications/padrino-core-0.10.7.gemspec
I, [2014-03-26T16:29:32.769097 #3598]  INFO -- : 0:  padrino-helpers (0.10.7) from /Users/rmerrill/.rbenv/versions/2.0.0-p247/lib/ruby/gems/2.0.0/specifications/padrino-helpers-0.10.7.gemspec
I, [2014-03-26T16:29:32.769280 #3598]  INFO -- : 0:  uglifier (1.2.7) from /Users/rmerrill/.rbenv/versions/2.0.0-p247/lib/ruby/gems/2.0.0/specifications/uglifier-1.2.7.gemspec
I, [2014-03-26T16:29:32.769465 #3598]  INFO -- : 0:  middleman-more (3.0.14) from /Users/rmerrill/.rbenv/versions/2.0.0-p247/lib/ruby/gems/2.0.0/specifications/middleman-more-3.0.14.gemspec
I, [2014-03-26T16:29:32.769649 #3598]  INFO -- : 0:  sprockets (2.2.2) from /Users/rmerrill/.rbenv/versions/2.0.0-p247/lib/ruby/gems/2.0.0/specifications/sprockets-2.2.2.gemspec
I, [2014-03-26T16:29:32.769828 #3598]  INFO -- : 0:  sprockets-helpers (1.0.1) from /Users/rmerrill/.rbenv/versions/2.0.0-p247/lib/ruby/gems/2.0.0/specifications/sprockets-helpers-1.0.1.gemspec
I, [2014-03-26T16:29:32.770010 #3598]  INFO -- : 0:  sprockets-sass (1.0.1) from /Users/rmerrill/.rbenv/versions/2.0.0-p247/lib/ruby/gems/2.0.0/specifications/sprockets-sass-1.0.1.gemspec
I, [2014-03-26T16:29:32.770212 #3598]  INFO -- : 0:  middleman-sprockets (3.1.2) from /Users/rmerrill/.rbenv/versions/2.0.0-p247/lib/ruby/gems/2.0.0/specifications/middleman-sprockets-3.1.2.gemspec
I, [2014-03-26T16:29:32.770402 #3598]  INFO -- : 0:  middleman (3.0.14) from /Users/rmerrill/.rbenv/versions/2.0.0-p247/lib/ruby/gems/2.0.0/specifications/middleman-3.0.14.gemspec
I, [2014-03-26T16:29:33.550485 #3598]  INFO -- : 0:  middleman-autoprefixer (0.2.3) from /Users/rmerrill/.rbenv/versions/2.0.0-p247/lib/ruby/gems/2.0.0/specifications/middleman-autoprefixer-0.2.3.gemspec
I, [2014-03-26T16:29:33.550803 #3598]  INFO -- : 0:  rack-livereload (0.3.15) from /Users/rmerrill/.rbenv/versions/2.0.0-p247/lib/ruby/gems/2.0.0/specifications/rack-livereload-0.3.15.gemspec
I, [2014-03-26T16:29:33.551018 #3598]  INFO -- : 0:  middleman-livereload (3.0.1) from /Users/rmerrill/.rbenv/versions/2.0.0-p247/lib/ruby/gems/2.0.0/specifications/middleman-livereload-3.0.1.gemspec
I, [2014-03-26T16:29:33.551215 #3598]  INFO -- : 0:  smusher (0.4.9) from /Users/rmerrill/.rbenv/versions/2.0.0-p247/lib/ruby/gems/2.0.0/specifications/smusher-0.4.9.gemspec
I, [2014-03-26T16:29:33.551425 #3598]  INFO -- : 0:  middleman-smusher (3.0.0) from /Users/rmerrill/.rbenv/versions/2.0.0-p247/lib/ruby/gems/2.0.0/specifications/middleman-smusher-3.0.0.gemspec
I, [2014-03-26T16:29:33.551615 #3598]  INFO -- : 0:  susy (1.0.8) from /Users/rmerrill/.rbenv/versions/2.0.0-p247/lib/ruby/gems/2.0.0/specifications/susy-1.0.8.gemspec
I, [2014-03-26T16:33:21.309276 #4846]  INFO -- : 0:  rake (10.0.4) from /Users/rmerrill/.rbenv/versions/2.0.0-p247/lib/ruby/gems/2.0.0/specifications/rake-10.0.4.gemspec
I, [2014-03-26T16:33:21.320157 #4846]  INFO -- : 0:  i18n (0.6.1) from /Users/rmerrill/.rbenv/versions/2.0.0-p247/lib/ruby/gems/2.0.0/specifications/i18n-0.6.1.gemspec
I, [2014-03-26T16:33:21.320413 #4846]  INFO -- : 0:  multi_json (1.7.7) from /Users/rmerrill/.rbenv/versions/2.0.0-p247/lib/ruby/gems/2.0.0/specifications/multi_json-1.7.7.gemspec
I, [2014-03-26T16:33:21.320607 #4846]  INFO -- : 0:  activesupport (3.2.13) from /Users/rmerrill/.rbenv/versions/2.0.0-p247/lib/ruby/gems/2.0.0/specifications/activesupport-3.2.13.gemspec
I, [2014-03-26T16:33:21.320783 #4846]  INFO -- : 0:  execjs (1.4.0) from /Users/rmerrill/.rbenv/versions/2.0.0-p247/lib/ruby/gems/2.0.0/specifications/execjs-1.4.0.gemspec
I, [2014-03-26T16:33:21.320956 #4846]  INFO -- : 0:  autoprefixer-rails (0.8.20131213) from /Users/rmerrill/.rbenv/versions/2.0.0-p247/lib/ruby/gems/2.0.0/specifications/autoprefixer-rails-0.8.20131213.gemspec
I, [2014-03-26T16:33:21.321134 #4846]  INFO -- : 0:  sass (3.2.12) from /Users/rmerrill/.rbenv/versions/2.0.0-p247/lib/ruby/gems/2.0.0/specifications/sass-3.2.12.gemspec
I, [2014-03-26T16:33:21.321331 #4846]  INFO -- : 0:  thor (0.15.4) from /Users/rmerrill/.rbenv/versions/2.0.0-p247/lib/ruby/gems/2.0.0/specifications/thor-0.15.4.gemspec
I, [2014-03-26T16:33:21.321553 #4846]  INFO -- : 0:  bourbon (3.1.8) from /Users/rmerrill/.rbenv/versions/2.0.0-p247/lib/ruby/gems/2.0.0/specifications/bourbon-3.1.8.gemspec
I, [2014-03-26T16:33:21.321774 #4846]  INFO -- : 0:  bitters (0.9.3) from /Users/rmerrill/.rbenv/versions/2.0.0-p247/lib/ruby/gems/2.0.0/specifications/bitters-0.9.3.gemspec
I, [2014-03-26T16:33:21.322015 #4846]  INFO -- : 0:  chunky_png (1.2.8) from /Users/rmerrill/.rbenv/versions/2.0.0-p247/lib/ruby/gems/2.0.0/specifications/chunky_png-1.2.8.gemspec
I, [2014-03-26T16:33:21.322251 #4846]  INFO -- : 0:  coffee-script-source (1.3.3) from /Users/rmerrill/.rbenv/versions/2.0.0-p247/lib/ruby/gems/2.0.0/specifications/coffee-script-source-1.3.3.gemspec
I, [2014-03-26T16:33:21.322453 #4846]  INFO -- : 0:  coffee-script (2.2.0) from /Users/rmerrill/.rbenv/versions/2.0.0-p247/lib/ruby/gems/2.0.0/specifications/coffee-script-2.2.0.gemspec
I, [2014-03-26T16:33:21.322667 #4846]  INFO -- : 0:  fssm (0.2.10) from /Users/rmerrill/.rbenv/versions/2.0.0-p247/lib/ruby/gems/2.0.0/specifications/fssm-0.2.10.gemspec
I, [2014-03-26T16:33:21.322849 #4846]  INFO -- : 0:  compass (0.12.2) from /Users/rmerrill/.rbenv/versions/2.0.0-p247/lib/ruby/gems/2.0.0/specifications/compass-0.12.2.gemspec
I, [2014-03-26T16:33:21.323013 #4846]  INFO -- : 0:  eventmachine (1.0.3) from /Users/rmerrill/.rbenv/versions/2.0.0-p247/lib/ruby/gems/2.0.0/specifications/eventmachine-1.0.3.gemspec
I, [2014-03-26T16:33:21.323183 #4846]  INFO -- : 0:  http_parser.rb (0.5.3) from /Users/rmerrill/.rbenv/versions/2.0.0-p247/lib/ruby/gems/2.0.0/specifications/http_parser.rb-0.5.3.gemspec
I, [2014-03-26T16:33:21.323345 #4846]  INFO -- : 0:  em-websocket (0.5.0) from /Users/rmerrill/.rbenv/versions/2.0.0-p247/lib/ruby/gems/2.0.0/specifications/em-websocket-0.5.0.gemspec
I, [2014-03-26T16:33:21.323512 #4846]  INFO -- : 0:  tilt (1.3.7) from /Users/rmerrill/.rbenv/versions/2.0.0-p247/lib/ruby/gems/2.0.0/specifications/tilt-1.3.7.gemspec
I, [2014-03-26T16:33:21.323682 #4846]  INFO -- : 0:  haml (4.0.3) from /Users/rmerrill/.rbenv/versions/2.0.0-p247/lib/ruby/gems/2.0.0/specifications/haml-4.0.3.gemspec
I, [2014-03-26T16:33:21.323848 #4846]  INFO -- : 0:  hike (1.2.3) from /Users/rmerrill/.rbenv/versions/2.0.0-p247/lib/ruby/gems/2.0.0/specifications/hike-1.2.3.gemspec
I, [2014-03-26T16:33:21.324016 #4846]  INFO -- : 0:  rack (1.4.5) from /Users/rmerrill/.rbenv/versions/2.0.0-p247/lib/ruby/gems/2.0.0/specifications/rack-1.4.5.gemspec
I, [2014-03-26T16:33:21.324180 #4846]  INFO -- : 0:  url_mount (0.2.1) from /Users/rmerrill/.rbenv/versions/2.0.0-p247/lib/ruby/gems/2.0.0/specifications/url_mount-0.2.1.gemspec
I, [2014-03-26T16:33:21.324343 #4846]  INFO -- : 0:  http_router (0.10.2) from /Users/rmerrill/.rbenv/versions/2.0.0-p247/lib/ruby/gems/2.0.0/specifications/http_router-0.10.2.gemspec
I, [2014-03-26T16:33:21.324508 #4846]  INFO -- : 0:  httpclient (2.3.3) from /Users/rmerrill/.rbenv/versions/2.0.0-p247/lib/ruby/gems/2.0.0/specifications/httpclient-2.3.3.gemspec
I, [2014-03-26T16:33:21.324675 #4846]  INFO -- : 0:  json (1.8.0) from /Users/rmerrill/.rbenv/versions/2.0.0-p247/lib/ruby/gems/2.0.0/specifications/json-1.8.0.gemspec
I, [2014-03-26T16:33:21.324844 #4846]  INFO -- : 0:  listen (0.7.3) from /Users/rmerrill/.rbenv/versions/2.0.0-p247/lib/ruby/gems/2.0.0/specifications/listen-0.7.3.gemspec
I, [2014-03-26T16:33:21.325009 #4846]  INFO -- : 0:  syntax (1.0.0) from /Users/rmerrill/.rbenv/versions/2.0.0-p247/lib/ruby/gems/2.0.0/specifications/syntax-1.0.0.gemspec
I, [2014-03-26T16:33:21.325173 #4846]  INFO -- : 0:  maruku (0.6.1) from /Users/rmerrill/.rbenv/versions/2.0.0-p247/lib/ruby/gems/2.0.0/specifications/maruku-0.6.1.gemspec
I, [2014-03-26T16:33:21.325316 #4846]  INFO -- : 0:  bundler (1.5.1) from /Users/rmerrill/.rbenv/versions/2.0.0-p247/lib/ruby/gems/2.0.0/specifications/bundler-1.5.1.gemspec
I, [2014-03-26T16:33:21.325477 #4846]  INFO -- : 0:  rack-test (0.6.2) from /Users/rmerrill/.rbenv/versions/2.0.0-p247/lib/ruby/gems/2.0.0/specifications/rack-test-0.6.2.gemspec
I, [2014-03-26T16:33:21.325641 #4846]  INFO -- : 0:  rb-fsevent (0.9.3) from /Users/rmerrill/.rbenv/versions/2.0.0-p247/lib/ruby/gems/2.0.0/specifications/rb-fsevent-0.9.3.gemspec
I, [2014-03-26T16:33:21.325810 #4846]  INFO -- : 0:  middleman-core (3.0.14) from /Users/rmerrill/.rbenv/versions/2.0.0-p247/lib/ruby/gems/2.0.0/specifications/middleman-core-3.0.14.gemspec
I, [2014-03-26T16:33:21.325978 #4846]  INFO -- : 0:  rack-protection (1.5.0) from /Users/rmerrill/.rbenv/versions/2.0.0-p247/lib/ruby/gems/2.0.0/specifications/rack-protection-1.5.0.gemspec
I, [2014-03-26T16:33:21.326143 #4846]  INFO -- : 0:  sinatra (1.3.6) from /Users/rmerrill/.rbenv/versions/2.0.0-p247/lib/ruby/gems/2.0.0/specifications/sinatra-1.3.6.gemspec
I, [2014-03-26T16:33:21.326306 #4846]  INFO -- : 0:  padrino-core (0.10.7) from /Users/rmerrill/.rbenv/versions/2.0.0-p247/lib/ruby/gems/2.0.0/specifications/padrino-core-0.10.7.gemspec
I, [2014-03-26T16:33:21.326471 #4846]  INFO -- : 0:  padrino-helpers (0.10.7) from /Users/rmerrill/.rbenv/versions/2.0.0-p247/lib/ruby/gems/2.0.0/specifications/padrino-helpers-0.10.7.gemspec
I, [2014-03-26T16:33:21.326650 #4846]  INFO -- : 0:  uglifier (1.2.7) from /Users/rmerrill/.rbenv/versions/2.0.0-p247/lib/ruby/gems/2.0.0/specifications/uglifier-1.2.7.gemspec
I, [2014-03-26T16:33:21.326822 #4846]  INFO -- : 0:  middleman-more (3.0.14) from /Users/rmerrill/.rbenv/versions/2.0.0-p247/lib/ruby/gems/2.0.0/specifications/middleman-more-3.0.14.gemspec
I, [2014-03-26T16:33:21.327011 #4846]  INFO -- : 0:  sprockets (2.2.2) from /Users/rmerrill/.rbenv/versions/2.0.0-p247/lib/ruby/gems/2.0.0/specifications/sprockets-2.2.2.gemspec
I, [2014-03-26T16:33:21.327186 #4846]  INFO -- : 0:  sprockets-helpers (1.0.1) from /Users/rmerrill/.rbenv/versions/2.0.0-p247/lib/ruby/gems/2.0.0/specifications/sprockets-helpers-1.0.1.gemspec
I, [2014-03-26T16:33:21.327364 #4846]  INFO -- : 0:  sprockets-sass (1.0.1) from /Users/rmerrill/.rbenv/versions/2.0.0-p247/lib/ruby/gems/2.0.0/specifications/sprockets-sass-1.0.1.gemspec
I, [2014-03-26T16:33:21.327547 #4846]  INFO -- : 0:  middleman-sprockets (3.1.2) from /Users/rmerrill/.rbenv/versions/2.0.0-p247/lib/ruby/gems/2.0.0/specifications/middleman-sprockets-3.1.2.gemspec
I, [2014-03-26T16:33:21.327731 #4846]  INFO -- : 0:  middleman (3.0.14) from /Users/rmerrill/.rbenv/versions/2.0.0-p247/lib/ruby/gems/2.0.0/specifications/middleman-3.0.14.gemspec
I, [2014-03-26T16:33:21.327906 #4846]  INFO -- : 0:  middleman-autoprefixer (0.2.3) from /Users/rmerrill/.rbenv/versions/2.0.0-p247/lib/ruby/gems/2.0.0/specifications/middleman-autoprefixer-0.2.3.gemspec
I, [2014-03-26T16:33:21.328082 #4846]  INFO -- : 0:  rack-livereload (0.3.15) from /Users/rmerrill/.rbenv/versions/2.0.0-p247/lib/ruby/gems/2.0.0/specifications/rack-livereload-0.3.15.gemspec
I, [2014-03-26T16:33:21.328254 #4846]  INFO -- : 0:  middleman-livereload (3.0.1) from /Users/rmerrill/.rbenv/versions/2.0.0-p247/lib/ruby/gems/2.0.0/specifications/middleman-livereload-3.0.1.gemspec
I, [2014-03-26T16:33:21.328420 #4846]  INFO -- : 0:  smusher (0.4.9) from /Users/rmerrill/.rbenv/versions/2.0.0-p247/lib/ruby/gems/2.0.0/specifications/smusher-0.4.9.gemspec
I, [2014-03-26T16:33:21.328588 #4846]  INFO -- : 0:  middleman-smusher (3.0.0) from /Users/rmerrill/.rbenv/versions/2.0.0-p247/lib/ruby/gems/2.0.0/specifications/middleman-smusher-3.0.0.gemspec
I, [2014-03-26T16:33:21.328757 #4846]  INFO -- : 0:  susy (1.0.8) from /Users/rmerrill/.rbenv/versions/2.0.0-p247/lib/ruby/gems/2.0.0/specifications/susy-1.0.8.gemspec
I, [2014-03-26T16:41:56.939033 #9739]  INFO -- : 0:  rake (10.0.4) from /Users/rmerrill/.rbenv/versions/2.0.0-p247/lib/ruby/gems/2.0.0/specifications/rake-10.0.4.gemspec
I, [2014-03-26T16:41:56.939423 #9739]  INFO -- : 0:  i18n (0.6.1) from /Users/rmerrill/.rbenv/versions/2.0.0-p247/lib/ruby/gems/2.0.0/specifications/i18n-0.6.1.gemspec
I, [2014-03-26T16:41:56.939636 #9739]  INFO -- : 0:  multi_json (1.7.7) from /Users/rmerrill/.rbenv/versions/2.0.0-p247/lib/ruby/gems/2.0.0/specifications/multi_json-1.7.7.gemspec
I, [2014-03-26T16:41:56.939838 #9739]  INFO -- : 0:  activesupport (3.2.13) from /Users/rmerrill/.rbenv/versions/2.0.0-p247/lib/ruby/gems/2.0.0/specifications/activesupport-3.2.13.gemspec
I, [2014-03-26T16:41:56.940024 #9739]  INFO -- : 0:  execjs (1.4.0) from /Users/rmerrill/.rbenv/versions/2.0.0-p247/lib/ruby/gems/2.0.0/specifications/execjs-1.4.0.gemspec
I, [2014-03-26T16:41:56.940208 #9739]  INFO -- : 0:  autoprefixer-rails (0.8.20131213) from /Users/rmerrill/.rbenv/versions/2.0.0-p247/lib/ruby/gems/2.0.0/specifications/autoprefixer-rails-0.8.20131213.gemspec
I, [2014-03-26T16:41:58.898827 #9739]  INFO -- : 0:  sass (3.2.18) from /Users/rmerrill/.rbenv/versions/2.0.0-p247/lib/ruby/gems/2.0.0/specifications/sass-3.2.18.gemspec
I, [2014-03-26T16:41:58.899167 #9739]  INFO -- : 0:  thor (0.15.4) from /Users/rmerrill/.rbenv/versions/2.0.0-p247/lib/ruby/gems/2.0.0/specifications/thor-0.15.4.gemspec
I, [2014-03-26T16:41:58.899358 #9739]  INFO -- : 0:  bourbon (3.1.8) from /Users/rmerrill/.rbenv/versions/2.0.0-p247/lib/ruby/gems/2.0.0/specifications/bourbon-3.1.8.gemspec
I, [2014-03-26T16:41:58.899545 #9739]  INFO -- : 0:  bitters (0.9.3) from /Users/rmerrill/.rbenv/versions/2.0.0-p247/lib/ruby/gems/2.0.0/specifications/bitters-0.9.3.gemspec
I, [2014-03-26T16:41:58.899707 #9739]  INFO -- : 0:  bundler (1.5.1) from /Users/rmerrill/.rbenv/versions/2.0.0-p247/lib/ruby/gems/2.0.0/specifications/bundler-1.5.1.gemspec
I, [2014-03-26T16:41:58.899882 #9739]  INFO -- : 0:  chunky_png (1.3.0) from /Users/rmerrill/.rbenv/versions/2.0.0-p247/lib/ruby/gems/2.0.0/specifications/chunky_png-1.3.0.gemspec
I, [2014-03-26T16:41:58.900062 #9739]  INFO -- : 0:  coffee-script-source (1.3.3) from /Users/rmerrill/.rbenv/versions/2.0.0-p247/lib/ruby/gems/2.0.0/specifications/coffee-script-source-1.3.3.gemspec
I, [2014-03-26T16:41:58.900220 #9739]  INFO -- : 0:  coffee-script (2.2.0) from /Users/rmerrill/.rbenv/versions/2.0.0-p247/lib/ruby/gems/2.0.0/specifications/coffee-script-2.2.0.gemspec
I, [2014-03-26T16:41:58.900376 #9739]  INFO -- : 0:  fssm (0.2.10) from /Users/rmerrill/.rbenv/versions/2.0.0-p247/lib/ruby/gems/2.0.0/specifications/fssm-0.2.10.gemspec
I, [2014-03-26T16:42:01.279930 #9739]  INFO -- : 0:  compass (0.12.4) from /Users/rmerrill/.rbenv/versions/2.0.0-p247/lib/ruby/gems/2.0.0/specifications/compass-0.12.4.gemspec
I, [2014-03-26T16:42:01.280226 #9739]  INFO -- : 0:  eventmachine (1.0.3) from /Users/rmerrill/.rbenv/versions/2.0.0-p247/lib/ruby/gems/2.0.0/specifications/eventmachine-1.0.3.gemspec
I, [2014-03-26T16:42:01.305288 #9739]  INFO -- : 0:  http_parser.rb (0.5.3) from /Users/rmerrill/.rbenv/versions/2.0.0-p247/lib/ruby/gems/2.0.0/specifications/http_parser.rb-0.5.3.gemspec
I, [2014-03-26T16:42:01.305528 #9739]  INFO -- : 0:  em-websocket (0.5.0) from /Users/rmerrill/.rbenv/versions/2.0.0-p247/lib/ruby/gems/2.0.0/specifications/em-websocket-0.5.0.gemspec
I, [2014-03-26T16:42:01.305739 #9739]  INFO -- : 0:  tilt (1.3.7) from /Users/rmerrill/.rbenv/versions/2.0.0-p247/lib/ruby/gems/2.0.0/specifications/tilt-1.3.7.gemspec
I, [2014-03-26T16:42:01.305923 #9739]  INFO -- : 0:  haml (4.0.3) from /Users/rmerrill/.rbenv/versions/2.0.0-p247/lib/ruby/gems/2.0.0/specifications/haml-4.0.3.gemspec
I, [2014-03-26T16:42:01.306103 #9739]  INFO -- : 0:  hike (1.2.3) from /Users/rmerrill/.rbenv/versions/2.0.0-p247/lib/ruby/gems/2.0.0/specifications/hike-1.2.3.gemspec
I, [2014-03-26T16:42:01.306284 #9739]  INFO -- : 0:  rack (1.4.5) from /Users/rmerrill/.rbenv/versions/2.0.0-p247/lib/ruby/gems/2.0.0/specifications/rack-1.4.5.gemspec
I, [2014-03-26T16:42:01.306460 #9739]  INFO -- : 0:  url_mount (0.2.1) from /Users/rmerrill/.rbenv/versions/2.0.0-p247/lib/ruby/gems/2.0.0/specifications/url_mount-0.2.1.gemspec
I, [2014-03-26T16:42:01.306616 #9739]  INFO -- : 0:  http_router (0.10.2) from /Users/rmerrill/.rbenv/versions/2.0.0-p247/lib/ruby/gems/2.0.0/specifications/http_router-0.10.2.gemspec
I, [2014-03-26T16:42:01.306773 #9739]  INFO -- : 0:  httpclient (2.3.3) from /Users/rmerrill/.rbenv/versions/2.0.0-p247/lib/ruby/gems/2.0.0/specifications/httpclient-2.3.3.gemspec
I, [2014-03-26T16:42:01.306929 #9739]  INFO -- : 0:  json (1.8.0) from /Users/rmerrill/.rbenv/versions/2.0.0-p247/lib/ruby/gems/2.0.0/specifications/json-1.8.0.gemspec
I, [2014-03-26T16:42:01.307088 #9739]  INFO -- : 0:  listen (0.7.3) from /Users/rmerrill/.rbenv/versions/2.0.0-p247/lib/ruby/gems/2.0.0/specifications/listen-0.7.3.gemspec
I, [2014-03-26T16:42:01.307243 #9739]  INFO -- : 0:  syntax (1.0.0) from /Users/rmerrill/.rbenv/versions/2.0.0-p247/lib/ruby/gems/2.0.0/specifications/syntax-1.0.0.gemspec
I, [2014-03-26T16:42:01.307398 #9739]  INFO -- : 0:  maruku (0.6.1) from /Users/rmerrill/.rbenv/versions/2.0.0-p247/lib/ruby/gems/2.0.0/specifications/maruku-0.6.1.gemspec
I, [2014-03-26T16:42:01.307550 #9739]  INFO -- : 0:  rack-test (0.6.2) from /Users/rmerrill/.rbenv/versions/2.0.0-p247/lib/ruby/gems/2.0.0/specifications/rack-test-0.6.2.gemspec
I, [2014-03-26T16:42:01.307706 #9739]  INFO -- : 0:  rb-fsevent (0.9.3) from /Users/rmerrill/.rbenv/versions/2.0.0-p247/lib/ruby/gems/2.0.0/specifications/rb-fsevent-0.9.3.gemspec
I, [2014-03-26T16:42:01.307885 #9739]  INFO -- : 0:  middleman-core (3.0.14) from /Users/rmerrill/.rbenv/versions/2.0.0-p247/lib/ruby/gems/2.0.0/specifications/middleman-core-3.0.14.gemspec
I, [2014-03-26T16:42:01.308046 #9739]  INFO -- : 0:  rack-protection (1.5.0) from /Users/rmerrill/.rbenv/versions/2.0.0-p247/lib/ruby/gems/2.0.0/specifications/rack-protection-1.5.0.gemspec
I, [2014-03-26T16:42:01.308203 #9739]  INFO -- : 0:  sinatra (1.3.6) from /Users/rmerrill/.rbenv/versions/2.0.0-p247/lib/ruby/gems/2.0.0/specifications/sinatra-1.3.6.gemspec
I, [2014-03-26T16:42:01.308359 #9739]  INFO -- : 0:  padrino-core (0.10.7) from /Users/rmerrill/.rbenv/versions/2.0.0-p247/lib/ruby/gems/2.0.0/specifications/padrino-core-0.10.7.gemspec
I, [2014-03-26T16:42:01.308514 #9739]  INFO -- : 0:  padrino-helpers (0.10.7) from /Users/rmerrill/.rbenv/versions/2.0.0-p247/lib/ruby/gems/2.0.0/specifications/padrino-helpers-0.10.7.gemspec
I, [2014-03-26T16:42:01.308669 #9739]  INFO -- : 0:  uglifier (1.2.7) from /Users/rmerrill/.rbenv/versions/2.0.0-p247/lib/ruby/gems/2.0.0/specifications/uglifier-1.2.7.gemspec
I, [2014-03-26T16:42:01.308824 #9739]  INFO -- : 0:  middleman-more (3.0.14) from /Users/rmerrill/.rbenv/versions/2.0.0-p247/lib/ruby/gems/2.0.0/specifications/middleman-more-3.0.14.gemspec
I, [2014-03-26T16:42:01.308981 #9739]  INFO -- : 0:  sprockets (2.2.2) from /Users/rmerrill/.rbenv/versions/2.0.0-p247/lib/ruby/gems/2.0.0/specifications/sprockets-2.2.2.gemspec
I, [2014-03-26T16:42:01.309131 #9739]  INFO -- : 0:  sprockets-helpers (1.0.1) from /Users/rmerrill/.rbenv/versions/2.0.0-p247/lib/ruby/gems/2.0.0/specifications/sprockets-helpers-1.0.1.gemspec
I, [2014-03-26T16:42:01.309284 #9739]  INFO -- : 0:  sprockets-sass (1.0.1) from /Users/rmerrill/.rbenv/versions/2.0.0-p247/lib/ruby/gems/2.0.0/specifications/sprockets-sass-1.0.1.gemspec
I, [2014-03-26T16:42:01.309442 #9739]  INFO -- : 0:  middleman-sprockets (3.1.2) from /Users/rmerrill/.rbenv/versions/2.0.0-p247/lib/ruby/gems/2.0.0/specifications/middleman-sprockets-3.1.2.gemspec
I, [2014-03-26T16:42:01.309621 #9739]  INFO -- : 0:  middleman (3.0.14) from /Users/rmerrill/.rbenv/versions/2.0.0-p247/lib/ruby/gems/2.0.0/specifications/middleman-3.0.14.gemspec
I, [2014-03-26T16:42:01.309788 #9739]  INFO -- : 0:  middleman-autoprefixer (0.2.3) from /Users/rmerrill/.rbenv/versions/2.0.0-p247/lib/ruby/gems/2.0.0/specifications/middleman-autoprefixer-0.2.3.gemspec
I, [2014-03-26T16:42:01.309954 #9739]  INFO -- : 0:  rack-livereload (0.3.15) from /Users/rmerrill/.rbenv/versions/2.0.0-p247/lib/ruby/gems/2.0.0/specifications/rack-livereload-0.3.15.gemspec
I, [2014-03-26T16:42:01.310129 #9739]  INFO -- : 0:  middleman-livereload (3.0.1) from /Users/rmerrill/.rbenv/versions/2.0.0-p247/lib/ruby/gems/2.0.0/specifications/middleman-livereload-3.0.1.gemspec
I, [2014-03-26T16:42:01.310293 #9739]  INFO -- : 0:  smusher (0.4.9) from /Users/rmerrill/.rbenv/versions/2.0.0-p247/lib/ruby/gems/2.0.0/specifications/smusher-0.4.9.gemspec
I, [2014-03-26T16:42:01.310461 #9739]  INFO -- : 0:  middleman-smusher (3.0.0) from /Users/rmerrill/.rbenv/versions/2.0.0-p247/lib/ruby/gems/2.0.0/specifications/middleman-smusher-3.0.0.gemspec
I, [2014-03-26T16:42:01.310628 #9739]  INFO -- : 0:  susy (1.0.9) from /Users/rmerrill/.rbenv/versions/2.0.0-p247/lib/ruby/gems/2.0.0/specifications/susy-1.0.9.gemspec
I, [2014-04-10T09:52:44.728718 #4592]  INFO -- : 0:  rake (10.0.4) from /Users/rmerrill/.rbenv/versions/2.0.0-p247/lib/ruby/gems/2.0.0/specifications/rake-10.0.4.gemspec
I, [2014-04-10T09:52:44.729365 #4592]  INFO -- : 0:  i18n (0.6.9) from /Users/rmerrill/.rbenv/versions/2.0.0-p247/lib/ruby/gems/2.0.0/specifications/i18n-0.6.9.gemspec
I, [2014-04-10T09:52:44.729568 #4592]  INFO -- : 0:  json (1.8.0) from /Users/rmerrill/.rbenv/versions/2.0.0-p247/lib/ruby/gems/2.0.0/specifications/json-1.8.0.gemspec
I, [2014-04-10T09:52:44.729738 #4592]  INFO -- : 0:  minitest (5.3.2) from /Users/rmerrill/.rbenv/versions/2.0.0-p247/lib/ruby/gems/2.0.0/specifications/minitest-5.3.2.gemspec
I, [2014-04-10T09:52:45.993712 #4592]  INFO -- : 0:  thread_safe (0.3.3) from /Users/rmerrill/.rbenv/versions/2.0.0-p247/lib/ruby/gems/2.0.0/specifications/thread_safe-0.3.3.gemspec
I, [2014-04-10T09:52:45.994120 #4592]  INFO -- : 0:  tzinfo (1.1.0) from /Users/rmerrill/.rbenv/versions/2.0.0-p247/lib/ruby/gems/2.0.0/specifications/tzinfo-1.1.0.gemspec
I, [2014-04-10T09:52:45.994352 #4592]  INFO -- : 0:  activesupport (4.1.0) from /Users/rmerrill/.rbenv/versions/2.0.0-p247/lib/ruby/gems/2.0.0/specifications/activesupport-4.1.0.gemspec
I, [2014-04-10T09:52:45.994551 #4592]  INFO -- : 0:  execjs (2.0.2) from /Users/rmerrill/.rbenv/versions/2.0.0-p247/lib/ruby/gems/2.0.0/specifications/execjs-2.0.2.gemspec
I, [2014-04-10T09:52:45.994742 #4592]  INFO -- : 0:  autoprefixer-rails (0.8.20131213) from /Users/rmerrill/.rbenv/versions/2.0.0-p247/lib/ruby/gems/2.0.0/specifications/autoprefixer-rails-0.8.20131213.gemspec
I, [2014-04-10T09:52:45.994932 #4592]  INFO -- : 0:  sass (3.3.4) from /Users/rmerrill/.rbenv/versions/2.0.0-p247/lib/ruby/gems/2.0.0/specifications/sass-3.3.4.gemspec
I, [2014-04-10T09:52:45.995112 #4592]  INFO -- : 0:  thor (0.19.1) from /Users/rmerrill/.rbenv/versions/2.0.0-p247/lib/ruby/gems/2.0.0/specifications/thor-0.19.1.gemspec
I, [2014-04-10T09:52:45.995288 #4592]  INFO -- : 0:  bourbon (3.1.8) from /Users/rmerrill/.rbenv/versions/2.0.0-p247/lib/ruby/gems/2.0.0/specifications/bourbon-3.1.8.gemspec
I, [2014-04-10T09:52:45.995460 #4592]  INFO -- : 0:  bitters (0.9.3) from /Users/rmerrill/.rbenv/versions/2.0.0-p247/lib/ruby/gems/2.0.0/specifications/bitters-0.9.3.gemspec
I, [2014-04-10T09:52:45.995634 #4592]  INFO -- : 0:  bundler (1.5.1) from /Users/rmerrill/.rbenv/versions/2.0.0-p247/lib/ruby/gems/2.0.0/specifications/bundler-1.5.1.gemspec
I, [2014-04-10T09:52:45.995810 #4592]  INFO -- : 0:  chunky_png (1.3.0) from /Users/rmerrill/.rbenv/versions/2.0.0-p247/lib/ruby/gems/2.0.0/specifications/chunky_png-1.3.0.gemspec
I, [2014-04-10T09:52:45.995984 #4592]  INFO -- : 0:  coffee-script-source (1.7.0) from /Users/rmerrill/.rbenv/versions/2.0.0-p247/lib/ruby/gems/2.0.0/specifications/coffee-script-source-1.7.0.gemspec
I, [2014-04-10T09:52:45.996242 #4592]  INFO -- : 0:  coffee-script (2.2.0) from /Users/rmerrill/.rbenv/versions/2.0.0-p247/lib/ruby/gems/2.0.0/specifications/coffee-script-2.2.0.gemspec
I, [2014-04-10T09:52:45.996462 #4592]  INFO -- : 0:  multi_json (1.9.2) from /Users/rmerrill/.rbenv/versions/2.0.0-p247/lib/ruby/gems/2.0.0/specifications/multi_json-1.9.2.gemspec
I, [2014-04-10T09:52:47.308108 #4592]  INFO -- : 0:  compass-core (1.0.0.alpha.19) from /Users/rmerrill/.rbenv/versions/2.0.0-p247/lib/ruby/gems/2.0.0/specifications/compass-core-1.0.0.alpha.19.gemspec
I, [2014-04-10T09:52:48.170097 #4592]  INFO -- : 0:  compass-import-once (1.0.4) from /Users/rmerrill/.rbenv/versions/2.0.0-p247/lib/ruby/gems/2.0.0/specifications/compass-import-once-1.0.4.gemspec
I, [2014-04-10T09:52:48.170403 #4592]  INFO -- : 0:  rb-fsevent (0.9.4) from /Users/rmerrill/.rbenv/versions/2.0.0-p247/lib/ruby/gems/2.0.0/specifications/rb-fsevent-0.9.4.gemspec
I, [2014-04-10T09:52:48.170604 #4592]  INFO -- : 0:  ffi (1.9.3) from /Users/rmerrill/.rbenv/versions/2.0.0-p247/lib/ruby/gems/2.0.0/specifications/ffi-1.9.3.gemspec
I, [2014-04-10T09:52:48.170801 #4592]  INFO -- : 0:  rb-inotify (0.9.3) from /Users/rmerrill/.rbenv/versions/2.0.0-p247/lib/ruby/gems/2.0.0/specifications/rb-inotify-0.9.3.gemspec
I, [2014-04-10T09:52:48.170995 #4592]  INFO -- : 0:  rb-kqueue (0.2.2) from /Users/rmerrill/.rbenv/versions/2.0.0-p247/lib/ruby/gems/2.0.0/specifications/rb-kqueue-0.2.2.gemspec
I, [2014-04-10T09:52:48.171221 #4592]  INFO -- : 0:  listen (1.1.6) from /Users/rmerrill/.rbenv/versions/2.0.0-p247/lib/ruby/gems/2.0.0/specifications/listen-1.1.6.gemspec
I, [2014-04-10T09:52:50.043672 #4592]  INFO -- : 0:  compass (1.0.0.alpha.19) from /Users/rmerrill/.rbenv/versions/2.0.0-p247/lib/ruby/gems/2.0.0/specifications/compass-1.0.0.alpha.19.gemspec
I, [2014-04-10T09:52:50.044004 #4592]  INFO -- : 0:  erubis (2.7.0) from /Users/rmerrill/.rbenv/versions/2.0.0-p247/lib/ruby/gems/2.0.0/specifications/erubis-2.7.0.gemspec
I, [2014-04-10T09:52:50.044206 #4592]  INFO -- : 0:  tilt (1.4.1) from /Users/rmerrill/.rbenv/versions/2.0.0-p247/lib/ruby/gems/2.0.0/specifications/tilt-1.4.1.gemspec
I, [2014-04-10T09:52:50.044388 #4592]  INFO -- : 0:  haml (4.0.5) from /Users/rmerrill/.rbenv/versions/2.0.0-p247/lib/ruby/gems/2.0.0/specifications/haml-4.0.5.gemspec
I, [2014-04-10T09:52:50.044559 #4592]  INFO -- : 0:  hike (1.2.3) from /Users/rmerrill/.rbenv/versions/2.0.0-p247/lib/ruby/gems/2.0.0/specifications/hike-1.2.3.gemspec
I, [2014-04-10T09:52:50.794002 #4592]  INFO -- : 0:  uber (0.0.4) from /Users/rmerrill/.rbenv/versions/2.0.0-p247/lib/ruby/gems/2.0.0/specifications/uber-0.0.4.gemspec
I, [2014-04-10T09:52:51.641933 #4592]  INFO -- : 0:  hooks (0.4.0) from /Users/rmerrill/.rbenv/versions/2.0.0-p247/lib/ruby/gems/2.0.0/specifications/hooks-0.4.0.gemspec
I, [2014-04-10T09:52:51.642269 #4592]  INFO -- : 0:  httpclient (2.3.3) from /Users/rmerrill/.rbenv/versions/2.0.0-p247/lib/ruby/gems/2.0.0/specifications/httpclient-2.3.3.gemspec
I, [2014-04-10T09:52:53.370148 #4592]  INFO -- : 0:  kramdown (1.3.3) from /Users/rmerrill/.rbenv/versions/2.0.0-p247/lib/ruby/gems/2.0.0/specifications/kramdown-1.3.3.gemspec
I, [2014-04-10T09:52:53.386681 #4592]  INFO -- : 0:  middleman-cli (4.0.0.pre.0) from /Users/rmerrill/.rbenv/versions/2.0.0-p247/lib/ruby/gems/2.0.0/bundler/gems/middleman-07aa2113b993/middleman-cli/middleman-cli.gemspec
I, [2014-04-10T09:52:54.225117 #4592]  INFO -- : 0:  padrino-support (0.12.1) from /Users/rmerrill/.rbenv/versions/2.0.0-p247/lib/ruby/gems/2.0.0/specifications/padrino-support-0.12.1.gemspec
I, [2014-04-10T09:52:55.548445 #4592]  INFO -- : 0:  padrino-helpers (0.12.1) from /Users/rmerrill/.rbenv/versions/2.0.0-p247/lib/ruby/gems/2.0.0/specifications/padrino-helpers-0.12.1.gemspec
I, [2014-04-10T09:52:55.548759 #4592]  INFO -- : 0:  rack (1.5.2) from /Users/rmerrill/.rbenv/versions/2.0.0-p247/lib/ruby/gems/2.0.0/specifications/rack-1.5.2.gemspec
I, [2014-04-10T09:52:56.096724 #4592]  INFO -- : 0:  middleman-core (4.0.0.pre.0) from /Users/rmerrill/.rbenv/versions/2.0.0-p247/lib/ruby/gems/2.0.0/bundler/gems/middleman-07aa2113b993/middleman-core/middleman-core.gemspec
I, [2014-04-10T09:52:56.739192 #4592]  INFO -- : 0:  sprockets (2.12.0) from /Users/rmerrill/.rbenv/versions/2.0.0-p247/lib/ruby/gems/2.0.0/specifications/sprockets-2.12.0.gemspec
I, [2014-04-10T09:52:57.595150 #4592]  INFO -- : 0:  sprockets-helpers (1.1.0) from /Users/rmerrill/.rbenv/versions/2.0.0-p247/lib/ruby/gems/2.0.0/specifications/sprockets-helpers-1.1.0.gemspec
I, [2014-04-10T09:52:58.435856 #4592]  INFO -- : 0:  sprockets-sass (1.0.3) from /Users/rmerrill/.rbenv/versions/2.0.0-p247/lib/ruby/gems/2.0.0/specifications/sprockets-sass-1.0.3.gemspec
I, [2014-04-10T09:52:59.641899 #4592]  INFO -- : 0:  middleman-sprockets (3.3.2) from /Users/rmerrill/.rbenv/versions/2.0.0-p247/lib/ruby/gems/2.0.0/specifications/middleman-sprockets-3.3.2.gemspec
I, [2014-04-10T09:52:59.756349 #4592]  INFO -- : 0:  middleman-templates (4.0.0.pre.0) from /Users/rmerrill/.rbenv/versions/2.0.0-p247/lib/ruby/gems/2.0.0/bundler/gems/middleman-07aa2113b993/middleman-templates/middleman-templates.gemspec
I, [2014-04-10T09:52:59.756784 #4592]  INFO -- : 0:  uglifier (2.5.0) from /Users/rmerrill/.rbenv/versions/2.0.0-p247/lib/ruby/gems/2.0.0/specifications/uglifier-2.5.0.gemspec
I, [2014-04-10T09:52:59.764701 #4592]  INFO -- : 0:  middleman (4.0.0.pre.0) from /Users/rmerrill/.rbenv/versions/2.0.0-p247/lib/ruby/gems/2.0.0/bundler/gems/middleman-07aa2113b993/middleman/middleman.gemspec
I, [2014-04-10T09:52:59.764993 #4592]  INFO -- : 0:  middleman-autoprefixer (0.2.3) from /Users/rmerrill/.rbenv/versions/2.0.0-p247/lib/ruby/gems/2.0.0/specifications/middleman-autoprefixer-0.2.3.gemspec
I, [2014-04-10T09:52:59.765212 #4592]  INFO -- : 0:  smusher (0.4.9) from /Users/rmerrill/.rbenv/versions/2.0.0-p247/lib/ruby/gems/2.0.0/specifications/smusher-0.4.9.gemspec
I, [2014-04-10T09:52:59.765433 #4592]  INFO -- : 0:  middleman-smusher (3.0.0) from /Users/rmerrill/.rbenv/versions/2.0.0-p247/lib/ruby/gems/2.0.0/specifications/middleman-smusher-3.0.0.gemspec
I, [2014-04-10T09:52:59.765655 #4592]  INFO -- : 0:  susy (2.1.1) from /Users/rmerrill/.rbenv/versions/2.0.0-p247/lib/ruby/gems/2.0.0/specifications/susy-2.1.1.gemspec
I, [2014-04-11T13:18:09.803347 #44506]  INFO -- : 0:  i18n (0.6.9) from /Users/rmerrill/.rbenv/versions/2.0.0-p247/lib/ruby/gems/2.0.0/specifications/i18n-0.6.9.gemspec
I, [2014-04-11T13:18:10.441165 #44506]  INFO -- : 0:  minitest (4.7.5) from /Users/rmerrill/.rbenv/versions/2.0.0-p247/lib/ruby/gems/2.0.0/specifications/minitest-4.7.5.gemspec
I, [2014-04-11T13:18:10.441590 #44506]  INFO -- : 0:  multi_json (1.9.2) from /Users/rmerrill/.rbenv/versions/2.0.0-p247/lib/ruby/gems/2.0.0/specifications/multi_json-1.9.2.gemspec
I, [2014-04-11T13:18:10.441851 #44506]  INFO -- : 0:  thread_safe (0.3.3) from /Users/rmerrill/.rbenv/versions/2.0.0-p247/lib/ruby/gems/2.0.0/specifications/thread_safe-0.3.3.gemspec
I, [2014-04-11T13:18:10.442098 #44506]  INFO -- : 0:  tzinfo (0.3.39) from /Users/rmerrill/.rbenv/versions/2.0.0-p247/lib/ruby/gems/2.0.0/specifications/tzinfo-0.3.39.gemspec
I, [2014-04-11T13:18:12.445943 #44506]  INFO -- : 0:  activesupport (4.0.4) from /Users/rmerrill/.rbenv/versions/2.0.0-p247/lib/ruby/gems/2.0.0/specifications/activesupport-4.0.4.gemspec
I, [2014-04-11T13:18:12.446358 #44506]  INFO -- : 0:  sass (3.3.4) from /Users/rmerrill/.rbenv/versions/2.0.0-p247/lib/ruby/gems/2.0.0/specifications/sass-3.3.4.gemspec
I, [2014-04-11T13:18:12.446638 #44506]  INFO -- : 0:  thor (0.19.1) from /Users/rmerrill/.rbenv/versions/2.0.0-p247/lib/ruby/gems/2.0.0/specifications/thor-0.19.1.gemspec
I, [2014-04-11T13:18:12.446907 #44506]  INFO -- : 0:  bourbon (3.1.8) from /Users/rmerrill/.rbenv/versions/2.0.0-p247/lib/ruby/gems/2.0.0/specifications/bourbon-3.1.8.gemspec
I, [2014-04-11T13:18:12.447175 #44506]  INFO -- : 0:  bitters (0.9.3) from /Users/rmerrill/.rbenv/versions/2.0.0-p247/lib/ruby/gems/2.0.0/specifications/bitters-0.9.3.gemspec
I, [2014-04-11T13:18:12.447384 #44506]  INFO -- : 0:  bundler (1.5.1) from /Users/rmerrill/.rbenv/versions/2.0.0-p247/lib/ruby/gems/2.0.0/specifications/bundler-1.5.1.gemspec
I, [2014-04-11T13:18:12.447616 #44506]  INFO -- : 0:  erubis (2.7.0) from /Users/rmerrill/.rbenv/versions/2.0.0-p247/lib/ruby/gems/2.0.0/specifications/erubis-2.7.0.gemspec
I, [2014-04-11T13:18:12.447851 #44506]  INFO -- : 0:  ffi (1.9.3) from /Users/rmerrill/.rbenv/versions/2.0.0-p247/lib/ruby/gems/2.0.0/specifications/ffi-1.9.3.gemspec
I, [2014-04-11T13:18:12.448082 #44506]  INFO -- : 0:  uber (0.0.4) from /Users/rmerrill/.rbenv/versions/2.0.0-p247/lib/ruby/gems/2.0.0/specifications/uber-0.0.4.gemspec
I, [2014-04-11T13:18:12.448312 #44506]  INFO -- : 0:  hooks (0.4.0) from /Users/rmerrill/.rbenv/versions/2.0.0-p247/lib/ruby/gems/2.0.0/specifications/hooks-0.4.0.gemspec
I, [2014-04-11T13:18:12.448546 #44506]  INFO -- : 0:  rb-fsevent (0.9.4) from /Users/rmerrill/.rbenv/versions/2.0.0-p247/lib/ruby/gems/2.0.0/specifications/rb-fsevent-0.9.4.gemspec
I, [2014-04-11T13:18:12.448779 #44506]  INFO -- : 0:  rb-inotify (0.9.3) from /Users/rmerrill/.rbenv/versions/2.0.0-p247/lib/ruby/gems/2.0.0/specifications/rb-inotify-0.9.3.gemspec
I, [2014-04-11T13:18:12.449013 #44506]  INFO -- : 0:  rb-kqueue (0.2.2) from /Users/rmerrill/.rbenv/versions/2.0.0-p247/lib/ruby/gems/2.0.0/specifications/rb-kqueue-0.2.2.gemspec
I, [2014-04-11T13:18:12.449254 #44506]  INFO -- : 0:  listen (1.3.1) from /Users/rmerrill/.rbenv/versions/2.0.0-p247/lib/ruby/gems/2.0.0/specifications/listen-1.3.1.gemspec
I, [2014-04-11T13:18:12.449487 #44506]  INFO -- : 0:  padrino-support (0.12.1) from /Users/rmerrill/.rbenv/versions/2.0.0-p247/lib/ruby/gems/2.0.0/specifications/padrino-support-0.12.1.gemspec
I, [2014-04-11T13:18:12.449717 #44506]  INFO -- : 0:  tilt (1.4.1) from /Users/rmerrill/.rbenv/versions/2.0.0-p247/lib/ruby/gems/2.0.0/specifications/tilt-1.4.1.gemspec
I, [2014-04-11T13:18:12.449954 #44506]  INFO -- : 0:  padrino-helpers (0.12.1) from /Users/rmerrill/.rbenv/versions/2.0.0-p247/lib/ruby/gems/2.0.0/specifications/padrino-helpers-0.12.1.gemspec
I, [2014-04-11T13:18:12.450208 #44506]  INFO -- : 0:  rack (1.5.2) from /Users/rmerrill/.rbenv/versions/2.0.0-p247/lib/ruby/gems/2.0.0/specifications/rack-1.5.2.gemspec
I, [2014-04-11T13:18:12.450408 #44506]  INFO -- : 0:  rack-test (0.6.2) from /Users/rmerrill/.rbenv/versions/2.0.0-p247/lib/ruby/gems/2.0.0/specifications/rack-test-0.6.2.gemspec
I, [2014-04-11T13:18:14.751049 #44506]  INFO -- : 0:  middleman-core (3.3.2) from /Users/rmerrill/.rbenv/versions/2.0.0-p247/lib/ruby/gems/2.0.0/specifications/middleman-core-3.3.2.gemspec
I, [2014-04-11T13:18:14.751411 #44506]  INFO -- : 0:  susy (2.1.1) from /Users/rmerrill/.rbenv/versions/2.0.0-p247/lib/ruby/gems/2.0.0/specifications/susy-2.1.1.gemspec
I, [2014-04-11T13:18:22.673370 #44633]  INFO -- : 0:  i18n (0.6.9) from /Users/rmerrill/.rbenv/versions/2.0.0-p247/lib/ruby/gems/2.0.0/specifications/i18n-0.6.9.gemspec
I, [2014-04-11T13:18:22.673722 #44633]  INFO -- : 0:  minitest (4.7.5) from /Users/rmerrill/.rbenv/versions/2.0.0-p247/lib/ruby/gems/2.0.0/specifications/minitest-4.7.5.gemspec
I, [2014-04-11T13:18:22.673921 #44633]  INFO -- : 0:  multi_json (1.9.2) from /Users/rmerrill/.rbenv/versions/2.0.0-p247/lib/ruby/gems/2.0.0/specifications/multi_json-1.9.2.gemspec
I, [2014-04-11T13:18:22.674105 #44633]  INFO -- : 0:  thread_safe (0.3.3) from /Users/rmerrill/.rbenv/versions/2.0.0-p247/lib/ruby/gems/2.0.0/specifications/thread_safe-0.3.3.gemspec
I, [2014-04-11T13:18:22.674289 #44633]  INFO -- : 0:  tzinfo (0.3.39) from /Users/rmerrill/.rbenv/versions/2.0.0-p247/lib/ruby/gems/2.0.0/specifications/tzinfo-0.3.39.gemspec
I, [2014-04-11T13:18:22.674473 #44633]  INFO -- : 0:  activesupport (4.0.4) from /Users/rmerrill/.rbenv/versions/2.0.0-p247/lib/ruby/gems/2.0.0/specifications/activesupport-4.0.4.gemspec
I, [2014-04-11T13:18:22.674651 #44633]  INFO -- : 0:  execjs (2.0.2) from /Users/rmerrill/.rbenv/versions/2.0.0-p247/lib/ruby/gems/2.0.0/specifications/execjs-2.0.2.gemspec
I, [2014-04-11T13:18:22.674888 #44633]  INFO -- : 0:  autoprefixer-rails (0.8.20131213) from /Users/rmerrill/.rbenv/versions/2.0.0-p247/lib/ruby/gems/2.0.0/specifications/autoprefixer-rails-0.8.20131213.gemspec
I, [2014-04-11T13:18:22.675117 #44633]  INFO -- : 0:  sass (3.3.4) from /Users/rmerrill/.rbenv/versions/2.0.0-p247/lib/ruby/gems/2.0.0/specifications/sass-3.3.4.gemspec
I, [2014-04-11T13:18:22.675340 #44633]  INFO -- : 0:  thor (0.19.1) from /Users/rmerrill/.rbenv/versions/2.0.0-p247/lib/ruby/gems/2.0.0/specifications/thor-0.19.1.gemspec
I, [2014-04-11T13:18:22.675560 #44633]  INFO -- : 0:  bourbon (3.1.8) from /Users/rmerrill/.rbenv/versions/2.0.0-p247/lib/ruby/gems/2.0.0/specifications/bourbon-3.1.8.gemspec
I, [2014-04-11T13:18:22.675779 #44633]  INFO -- : 0:  bitters (0.9.3) from /Users/rmerrill/.rbenv/versions/2.0.0-p247/lib/ruby/gems/2.0.0/specifications/bitters-0.9.3.gemspec
I, [2014-04-11T13:18:22.675974 #44633]  INFO -- : 0:  bundler (1.5.1) from /Users/rmerrill/.rbenv/versions/2.0.0-p247/lib/ruby/gems/2.0.0/specifications/bundler-1.5.1.gemspec
I, [2014-04-11T13:18:22.676174 #44633]  INFO -- : 0:  erubis (2.7.0) from /Users/rmerrill/.rbenv/versions/2.0.0-p247/lib/ruby/gems/2.0.0/specifications/erubis-2.7.0.gemspec
I, [2014-04-11T13:18:22.676340 #44633]  INFO -- : 0:  ffi (1.9.3) from /Users/rmerrill/.rbenv/versions/2.0.0-p247/lib/ruby/gems/2.0.0/specifications/ffi-1.9.3.gemspec
I, [2014-04-11T13:18:22.676501 #44633]  INFO -- : 0:  uber (0.0.4) from /Users/rmerrill/.rbenv/versions/2.0.0-p247/lib/ruby/gems/2.0.0/specifications/uber-0.0.4.gemspec
I, [2014-04-11T13:18:22.676663 #44633]  INFO -- : 0:  hooks (0.4.0) from /Users/rmerrill/.rbenv/versions/2.0.0-p247/lib/ruby/gems/2.0.0/specifications/hooks-0.4.0.gemspec
I, [2014-04-11T13:18:22.676869 #44633]  INFO -- : 0:  rb-fsevent (0.9.4) from /Users/rmerrill/.rbenv/versions/2.0.0-p247/lib/ruby/gems/2.0.0/specifications/rb-fsevent-0.9.4.gemspec
I, [2014-04-11T13:18:22.677035 #44633]  INFO -- : 0:  rb-inotify (0.9.3) from /Users/rmerrill/.rbenv/versions/2.0.0-p247/lib/ruby/gems/2.0.0/specifications/rb-inotify-0.9.3.gemspec
I, [2014-04-11T13:18:22.677218 #44633]  INFO -- : 0:  rb-kqueue (0.2.2) from /Users/rmerrill/.rbenv/versions/2.0.0-p247/lib/ruby/gems/2.0.0/specifications/rb-kqueue-0.2.2.gemspec
I, [2014-04-11T13:18:22.677405 #44633]  INFO -- : 0:  listen (1.3.1) from /Users/rmerrill/.rbenv/versions/2.0.0-p247/lib/ruby/gems/2.0.0/specifications/listen-1.3.1.gemspec
I, [2014-04-11T13:18:22.677588 #44633]  INFO -- : 0:  padrino-support (0.12.1) from /Users/rmerrill/.rbenv/versions/2.0.0-p247/lib/ruby/gems/2.0.0/specifications/padrino-support-0.12.1.gemspec
I, [2014-04-11T13:18:22.677772 #44633]  INFO -- : 0:  tilt (1.4.1) from /Users/rmerrill/.rbenv/versions/2.0.0-p247/lib/ruby/gems/2.0.0/specifications/tilt-1.4.1.gemspec
I, [2014-04-11T13:18:22.677959 #44633]  INFO -- : 0:  padrino-helpers (0.12.1) from /Users/rmerrill/.rbenv/versions/2.0.0-p247/lib/ruby/gems/2.0.0/specifications/padrino-helpers-0.12.1.gemspec
I, [2014-04-11T13:18:22.678142 #44633]  INFO -- : 0:  rack (1.5.2) from /Users/rmerrill/.rbenv/versions/2.0.0-p247/lib/ruby/gems/2.0.0/specifications/rack-1.5.2.gemspec
I, [2014-04-11T13:18:22.678318 #44633]  INFO -- : 0:  rack-test (0.6.2) from /Users/rmerrill/.rbenv/versions/2.0.0-p247/lib/ruby/gems/2.0.0/specifications/rack-test-0.6.2.gemspec
I, [2014-04-11T13:18:22.678506 #44633]  INFO -- : 0:  middleman-core (3.3.2) from /Users/rmerrill/.rbenv/versions/2.0.0-p247/lib/ruby/gems/2.0.0/specifications/middleman-core-3.3.2.gemspec
I, [2014-04-11T13:18:22.678687 #44633]  INFO -- : 0:  middleman-autoprefixer (0.2.3) from /Users/rmerrill/.rbenv/versions/2.0.0-p247/lib/ruby/gems/2.0.0/specifications/middleman-autoprefixer-0.2.3.gemspec
I, [2014-04-11T13:18:22.678866 #44633]  INFO -- : 0:  susy (2.1.1) from /Users/rmerrill/.rbenv/versions/2.0.0-p247/lib/ruby/gems/2.0.0/specifications/susy-2.1.1.gemspec
I, [2014-04-11T13:18:26.512906 #44727]  INFO -- : 0:  i18n (0.6.9) from /Users/rmerrill/.rbenv/versions/2.0.0-p247/lib/ruby/gems/2.0.0/specifications/i18n-0.6.9.gemspec
I, [2014-04-11T13:18:26.513543 #44727]  INFO -- : 0:  minitest (4.7.5) from /Users/rmerrill/.rbenv/versions/2.0.0-p247/lib/ruby/gems/2.0.0/specifications/minitest-4.7.5.gemspec
I, [2014-04-11T13:18:26.513966 #44727]  INFO -- : 0:  multi_json (1.9.2) from /Users/rmerrill/.rbenv/versions/2.0.0-p247/lib/ruby/gems/2.0.0/specifications/multi_json-1.9.2.gemspec
I, [2014-04-11T13:18:26.514308 #44727]  INFO -- : 0:  thread_safe (0.3.3) from /Users/rmerrill/.rbenv/versions/2.0.0-p247/lib/ruby/gems/2.0.0/specifications/thread_safe-0.3.3.gemspec
I, [2014-04-11T13:18:26.514636 #44727]  INFO -- : 0:  tzinfo (0.3.39) from /Users/rmerrill/.rbenv/versions/2.0.0-p247/lib/ruby/gems/2.0.0/specifications/tzinfo-0.3.39.gemspec
I, [2014-04-11T13:18:26.515051 #44727]  INFO -- : 0:  activesupport (4.0.4) from /Users/rmerrill/.rbenv/versions/2.0.0-p247/lib/ruby/gems/2.0.0/specifications/activesupport-4.0.4.gemspec
I, [2014-04-11T13:18:26.515461 #44727]  INFO -- : 0:  execjs (2.0.2) from /Users/rmerrill/.rbenv/versions/2.0.0-p247/lib/ruby/gems/2.0.0/specifications/execjs-2.0.2.gemspec
I, [2014-04-11T13:18:26.515790 #44727]  INFO -- : 0:  autoprefixer-rails (0.8.20131213) from /Users/rmerrill/.rbenv/versions/2.0.0-p247/lib/ruby/gems/2.0.0/specifications/autoprefixer-rails-0.8.20131213.gemspec
I, [2014-04-11T13:18:26.516116 #44727]  INFO -- : 0:  sass (3.3.4) from /Users/rmerrill/.rbenv/versions/2.0.0-p247/lib/ruby/gems/2.0.0/specifications/sass-3.3.4.gemspec
I, [2014-04-11T13:18:26.516416 #44727]  INFO -- : 0:  thor (0.19.1) from /Users/rmerrill/.rbenv/versions/2.0.0-p247/lib/ruby/gems/2.0.0/specifications/thor-0.19.1.gemspec
I, [2014-04-11T13:18:26.516726 #44727]  INFO -- : 0:  bourbon (3.1.8) from /Users/rmerrill/.rbenv/versions/2.0.0-p247/lib/ruby/gems/2.0.0/specifications/bourbon-3.1.8.gemspec
I, [2014-04-11T13:18:26.517064 #44727]  INFO -- : 0:  bitters (0.9.3) from /Users/rmerrill/.rbenv/versions/2.0.0-p247/lib/ruby/gems/2.0.0/specifications/bitters-0.9.3.gemspec
I, [2014-04-11T13:18:26.517374 #44727]  INFO -- : 0:  erubis (2.7.0) from /Users/rmerrill/.rbenv/versions/2.0.0-p247/lib/ruby/gems/2.0.0/specifications/erubis-2.7.0.gemspec
I, [2014-04-11T13:18:26.517708 #44727]  INFO -- : 0:  ffi (1.9.3) from /Users/rmerrill/.rbenv/versions/2.0.0-p247/lib/ruby/gems/2.0.0/specifications/ffi-1.9.3.gemspec
I, [2014-04-11T13:18:26.518017 #44727]  INFO -- : 0:  uber (0.0.4) from /Users/rmerrill/.rbenv/versions/2.0.0-p247/lib/ruby/gems/2.0.0/specifications/uber-0.0.4.gemspec
I, [2014-04-11T13:18:26.518325 #44727]  INFO -- : 0:  hooks (0.4.0) from /Users/rmerrill/.rbenv/versions/2.0.0-p247/lib/ruby/gems/2.0.0/specifications/hooks-0.4.0.gemspec
I, [2014-04-11T13:18:26.518623 #44727]  INFO -- : 0:  rb-fsevent (0.9.4) from /Users/rmerrill/.rbenv/versions/2.0.0-p247/lib/ruby/gems/2.0.0/specifications/rb-fsevent-0.9.4.gemspec
I, [2014-04-11T13:18:26.518933 #44727]  INFO -- : 0:  rb-inotify (0.9.3) from /Users/rmerrill/.rbenv/versions/2.0.0-p247/lib/ruby/gems/2.0.0/specifications/rb-inotify-0.9.3.gemspec
I, [2014-04-11T13:18:26.519242 #44727]  INFO -- : 0:  rb-kqueue (0.2.2) from /Users/rmerrill/.rbenv/versions/2.0.0-p247/lib/ruby/gems/2.0.0/specifications/rb-kqueue-0.2.2.gemspec
I, [2014-04-11T13:18:26.525904 #44727]  INFO -- : 0:  listen (1.3.1) from /Users/rmerrill/.rbenv/versions/2.0.0-p247/lib/ruby/gems/2.0.0/specifications/listen-1.3.1.gemspec
I, [2014-04-11T13:18:26.526106 #44727]  INFO -- : 0:  bundler (1.5.1) from /Users/rmerrill/.rbenv/versions/2.0.0-p247/lib/ruby/gems/2.0.0/specifications/bundler-1.5.1.gemspec
I, [2014-04-11T13:18:26.526302 #44727]  INFO -- : 0:  padrino-support (0.12.1) from /Users/rmerrill/.rbenv/versions/2.0.0-p247/lib/ruby/gems/2.0.0/specifications/padrino-support-0.12.1.gemspec
I, [2014-04-11T13:18:26.526501 #44727]  INFO -- : 0:  tilt (1.4.1) from /Users/rmerrill/.rbenv/versions/2.0.0-p247/lib/ruby/gems/2.0.0/specifications/tilt-1.4.1.gemspec
I, [2014-04-11T13:18:26.526681 #44727]  INFO -- : 0:  padrino-helpers (0.12.1) from /Users/rmerrill/.rbenv/versions/2.0.0-p247/lib/ruby/gems/2.0.0/specifications/padrino-helpers-0.12.1.gemspec
I, [2014-04-11T13:18:26.526876 #44727]  INFO -- : 0:  rack (1.5.2) from /Users/rmerrill/.rbenv/versions/2.0.0-p247/lib/ruby/gems/2.0.0/specifications/rack-1.5.2.gemspec
I, [2014-04-11T13:18:26.527071 #44727]  INFO -- : 0:  rack-test (0.6.2) from /Users/rmerrill/.rbenv/versions/2.0.0-p247/lib/ruby/gems/2.0.0/specifications/rack-test-0.6.2.gemspec
I, [2014-04-11T13:18:26.527300 #44727]  INFO -- : 0:  middleman-core (3.3.2) from /Users/rmerrill/.rbenv/versions/2.0.0-p247/lib/ruby/gems/2.0.0/specifications/middleman-core-3.3.2.gemspec
I, [2014-04-11T13:18:26.527522 #44727]  INFO -- : 0:  middleman-autoprefixer (0.2.3) from /Users/rmerrill/.rbenv/versions/2.0.0-p247/lib/ruby/gems/2.0.0/specifications/middleman-autoprefixer-0.2.3.gemspec
I, [2014-04-11T13:18:26.527748 #44727]  INFO -- : 0:  susy (2.1.1) from /Users/rmerrill/.rbenv/versions/2.0.0-p247/lib/ruby/gems/2.0.0/specifications/susy-2.1.1.gemspec
I, [2014-04-11T13:19:06.147515 #44953]  INFO -- : 0:  i18n (0.6.9) from /Users/rmerrill/.rbenv/versions/2.0.0-p247/lib/ruby/gems/2.0.0/specifications/i18n-0.6.9.gemspec
I, [2014-04-11T13:19:06.147902 #44953]  INFO -- : 0:  minitest (4.7.5) from /Users/rmerrill/.rbenv/versions/2.0.0-p247/lib/ruby/gems/2.0.0/specifications/minitest-4.7.5.gemspec
I, [2014-04-11T13:19:06.148108 #44953]  INFO -- : 0:  multi_json (1.9.2) from /Users/rmerrill/.rbenv/versions/2.0.0-p247/lib/ruby/gems/2.0.0/specifications/multi_json-1.9.2.gemspec
I, [2014-04-11T13:19:06.148294 #44953]  INFO -- : 0:  thread_safe (0.3.3) from /Users/rmerrill/.rbenv/versions/2.0.0-p247/lib/ruby/gems/2.0.0/specifications/thread_safe-0.3.3.gemspec
I, [2014-04-11T13:19:06.148496 #44953]  INFO -- : 0:  tzinfo (0.3.39) from /Users/rmerrill/.rbenv/versions/2.0.0-p247/lib/ruby/gems/2.0.0/specifications/tzinfo-0.3.39.gemspec
I, [2014-04-11T13:19:06.148676 #44953]  INFO -- : 0:  activesupport (4.0.4) from /Users/rmerrill/.rbenv/versions/2.0.0-p247/lib/ruby/gems/2.0.0/specifications/activesupport-4.0.4.gemspec
I, [2014-04-11T13:19:06.148844 #44953]  INFO -- : 0:  execjs (2.0.2) from /Users/rmerrill/.rbenv/versions/2.0.0-p247/lib/ruby/gems/2.0.0/specifications/execjs-2.0.2.gemspec
I, [2014-04-11T13:19:06.149031 #44953]  INFO -- : 0:  autoprefixer-rails (0.8.20131213) from /Users/rmerrill/.rbenv/versions/2.0.0-p247/lib/ruby/gems/2.0.0/specifications/autoprefixer-rails-0.8.20131213.gemspec
I, [2014-04-11T13:19:06.149223 #44953]  INFO -- : 0:  sass (3.3.4) from /Users/rmerrill/.rbenv/versions/2.0.0-p247/lib/ruby/gems/2.0.0/specifications/sass-3.3.4.gemspec
I, [2014-04-11T13:19:06.149406 #44953]  INFO -- : 0:  thor (0.19.1) from /Users/rmerrill/.rbenv/versions/2.0.0-p247/lib/ruby/gems/2.0.0/specifications/thor-0.19.1.gemspec
I, [2014-04-11T13:19:06.149608 #44953]  INFO -- : 0:  bourbon (3.1.8) from /Users/rmerrill/.rbenv/versions/2.0.0-p247/lib/ruby/gems/2.0.0/specifications/bourbon-3.1.8.gemspec
I, [2014-04-11T13:19:06.149778 #44953]  INFO -- : 0:  bitters (0.9.3) from /Users/rmerrill/.rbenv/versions/2.0.0-p247/lib/ruby/gems/2.0.0/specifications/bitters-0.9.3.gemspec
I, [2014-04-11T13:19:06.149923 #44953]  INFO -- : 0:  bundler (1.5.1) from /Users/rmerrill/.rbenv/versions/2.0.0-p247/lib/ruby/gems/2.0.0/specifications/bundler-1.5.1.gemspec
I, [2014-04-11T13:19:06.150088 #44953]  INFO -- : 0:  eventmachine (1.0.3) from /Users/rmerrill/.rbenv/versions/2.0.0-p247/lib/ruby/gems/2.0.0/specifications/eventmachine-1.0.3.gemspec
I, [2014-04-11T13:19:06.150254 #44953]  INFO -- : 0:  http_parser.rb (0.5.3) from /Users/rmerrill/.rbenv/versions/2.0.0-p247/lib/ruby/gems/2.0.0/specifications/http_parser.rb-0.5.3.gemspec
I, [2014-04-11T13:19:06.150415 #44953]  INFO -- : 0:  em-websocket (0.5.0) from /Users/rmerrill/.rbenv/versions/2.0.0-p247/lib/ruby/gems/2.0.0/specifications/em-websocket-0.5.0.gemspec
I, [2014-04-11T13:19:06.150579 #44953]  INFO -- : 0:  erubis (2.7.0) from /Users/rmerrill/.rbenv/versions/2.0.0-p247/lib/ruby/gems/2.0.0/specifications/erubis-2.7.0.gemspec
I, [2014-04-11T13:19:06.150747 #44953]  INFO -- : 0:  ffi (1.9.3) from /Users/rmerrill/.rbenv/versions/2.0.0-p247/lib/ruby/gems/2.0.0/specifications/ffi-1.9.3.gemspec
I, [2014-04-11T13:19:06.150909 #44953]  INFO -- : 0:  hike (1.2.3) from /Users/rmerrill/.rbenv/versions/2.0.0-p247/lib/ruby/gems/2.0.0/specifications/hike-1.2.3.gemspec
I, [2014-04-11T13:19:06.151074 #44953]  INFO -- : 0:  uber (0.0.4) from /Users/rmerrill/.rbenv/versions/2.0.0-p247/lib/ruby/gems/2.0.0/specifications/uber-0.0.4.gemspec
I, [2014-04-11T13:19:06.151236 #44953]  INFO -- : 0:  hooks (0.4.0) from /Users/rmerrill/.rbenv/versions/2.0.0-p247/lib/ruby/gems/2.0.0/specifications/hooks-0.4.0.gemspec
I, [2014-04-11T13:19:06.151400 #44953]  INFO -- : 0:  rb-fsevent (0.9.4) from /Users/rmerrill/.rbenv/versions/2.0.0-p247/lib/ruby/gems/2.0.0/specifications/rb-fsevent-0.9.4.gemspec
I, [2014-04-11T13:19:06.151566 #44953]  INFO -- : 0:  rb-inotify (0.9.3) from /Users/rmerrill/.rbenv/versions/2.0.0-p247/lib/ruby/gems/2.0.0/specifications/rb-inotify-0.9.3.gemspec
I, [2014-04-11T13:19:06.151729 #44953]  INFO -- : 0:  rb-kqueue (0.2.2) from /Users/rmerrill/.rbenv/versions/2.0.0-p247/lib/ruby/gems/2.0.0/specifications/rb-kqueue-0.2.2.gemspec
I, [2014-04-11T13:19:06.151899 #44953]  INFO -- : 0:  listen (1.3.1) from /Users/rmerrill/.rbenv/versions/2.0.0-p247/lib/ruby/gems/2.0.0/specifications/listen-1.3.1.gemspec
I, [2014-04-11T13:19:06.152059 #44953]  INFO -- : 0:  padrino-support (0.12.1) from /Users/rmerrill/.rbenv/versions/2.0.0-p247/lib/ruby/gems/2.0.0/specifications/padrino-support-0.12.1.gemspec
I, [2014-04-11T13:19:06.152225 #44953]  INFO -- : 0:  tilt (1.4.1) from /Users/rmerrill/.rbenv/versions/2.0.0-p247/lib/ruby/gems/2.0.0/specifications/tilt-1.4.1.gemspec
I, [2014-04-11T13:19:06.152392 #44953]  INFO -- : 0:  padrino-helpers (0.12.1) from /Users/rmerrill/.rbenv/versions/2.0.0-p247/lib/ruby/gems/2.0.0/specifications/padrino-helpers-0.12.1.gemspec
I, [2014-04-11T13:19:06.152559 #44953]  INFO -- : 0:  rack (1.5.2) from /Users/rmerrill/.rbenv/versions/2.0.0-p247/lib/ruby/gems/2.0.0/specifications/rack-1.5.2.gemspec
I, [2014-04-11T13:19:06.152722 #44953]  INFO -- : 0:  rack-test (0.6.2) from /Users/rmerrill/.rbenv/versions/2.0.0-p247/lib/ruby/gems/2.0.0/specifications/rack-test-0.6.2.gemspec
I, [2014-04-11T13:19:06.152928 #44953]  INFO -- : 0:  middleman-core (3.3.2) from /Users/rmerrill/.rbenv/versions/2.0.0-p247/lib/ruby/gems/2.0.0/specifications/middleman-core-3.3.2.gemspec
I, [2014-04-11T13:19:06.153101 #44953]  INFO -- : 0:  middleman-autoprefixer (0.2.3) from /Users/rmerrill/.rbenv/versions/2.0.0-p247/lib/ruby/gems/2.0.0/specifications/middleman-autoprefixer-0.2.3.gemspec
I, [2014-04-11T13:19:06.153262 #44953]  INFO -- : 0:  rack-livereload (0.3.15) from /Users/rmerrill/.rbenv/versions/2.0.0-p247/lib/ruby/gems/2.0.0/specifications/rack-livereload-0.3.15.gemspec
I, [2014-04-11T13:19:06.153431 #44953]  INFO -- : 0:  middleman-livereload (3.1.1) from /Users/rmerrill/.rbenv/versions/2.0.0-p247/lib/ruby/gems/2.0.0/specifications/middleman-livereload-3.1.1.gemspec
I, [2014-04-11T13:19:06.153623 #44953]  INFO -- : 0:  middleman-more (3.1.6) from /Users/rmerrill/.rbenv/versions/2.0.0-p247/lib/ruby/gems/2.0.0/specifications/middleman-more-3.1.6.gemspec
I, [2014-04-11T13:19:06.153814 #44953]  INFO -- : 0:  sprockets (2.12.0) from /Users/rmerrill/.rbenv/versions/2.0.0-p247/lib/ruby/gems/2.0.0/specifications/sprockets-2.12.0.gemspec
I, [2014-04-11T13:19:06.153996 #44953]  INFO -- : 0:  sprockets-helpers (1.0.1) from /Users/rmerrill/.rbenv/versions/2.0.0-p247/lib/ruby/gems/2.0.0/specifications/sprockets-helpers-1.0.1.gemspec
I, [2014-04-11T13:19:06.154190 #44953]  INFO -- : 0:  sprockets-sass (1.0.3) from /Users/rmerrill/.rbenv/versions/2.0.0-p247/lib/ruby/gems/2.0.0/specifications/sprockets-sass-1.0.3.gemspec
I, [2014-04-11T13:19:06.154384 #44953]  INFO -- : 0:  middleman-sprockets (3.1.4) from /Users/rmerrill/.rbenv/versions/2.0.0-p247/lib/ruby/gems/2.0.0/specifications/middleman-sprockets-3.1.4.gemspec
I, [2014-04-11T13:19:06.155730 #44953]  INFO -- : 0:  susy (2.1.1) from /Users/rmerrill/.rbenv/versions/2.0.0-p247/lib/ruby/gems/2.0.0/specifications/susy-2.1.1.gemspec
I, [2014-04-11T13:20:04.435835 #45159]  INFO -- : 0:  i18n (0.6.9) from /Users/rmerrill/.rbenv/versions/2.0.0-p247/lib/ruby/gems/2.0.0/specifications/i18n-0.6.9.gemspec
I, [2014-04-11T13:20:04.436124 #45159]  INFO -- : 0:  minitest (4.7.5) from /Users/rmerrill/.rbenv/versions/2.0.0-p247/lib/ruby/gems/2.0.0/specifications/minitest-4.7.5.gemspec
I, [2014-04-11T13:20:04.436374 #45159]  INFO -- : 0:  multi_json (1.9.2) from /Users/rmerrill/.rbenv/versions/2.0.0-p247/lib/ruby/gems/2.0.0/specifications/multi_json-1.9.2.gemspec
I, [2014-04-11T13:20:04.436563 #45159]  INFO -- : 0:  thread_safe (0.3.3) from /Users/rmerrill/.rbenv/versions/2.0.0-p247/lib/ruby/gems/2.0.0/specifications/thread_safe-0.3.3.gemspec
I, [2014-04-11T13:20:04.436778 #45159]  INFO -- : 0:  tzinfo (0.3.39) from /Users/rmerrill/.rbenv/versions/2.0.0-p247/lib/ruby/gems/2.0.0/specifications/tzinfo-0.3.39.gemspec
I, [2014-04-11T13:20:04.436988 #45159]  INFO -- : 0:  activesupport (4.0.4) from /Users/rmerrill/.rbenv/versions/2.0.0-p247/lib/ruby/gems/2.0.0/specifications/activesupport-4.0.4.gemspec
I, [2014-04-11T13:20:04.437187 #45159]  INFO -- : 0:  execjs (2.0.2) from /Users/rmerrill/.rbenv/versions/2.0.0-p247/lib/ruby/gems/2.0.0/specifications/execjs-2.0.2.gemspec
I, [2014-04-11T13:20:04.437383 #45159]  INFO -- : 0:  autoprefixer-rails (0.8.20131213) from /Users/rmerrill/.rbenv/versions/2.0.0-p247/lib/ruby/gems/2.0.0/specifications/autoprefixer-rails-0.8.20131213.gemspec
I, [2014-04-11T13:20:04.437589 #45159]  INFO -- : 0:  sass (3.3.4) from /Users/rmerrill/.rbenv/versions/2.0.0-p247/lib/ruby/gems/2.0.0/specifications/sass-3.3.4.gemspec
I, [2014-04-11T13:20:04.437786 #45159]  INFO -- : 0:  thor (0.19.1) from /Users/rmerrill/.rbenv/versions/2.0.0-p247/lib/ruby/gems/2.0.0/specifications/thor-0.19.1.gemspec
I, [2014-04-11T13:20:04.438241 #45159]  INFO -- : 0:  bourbon (3.1.8) from /Users/rmerrill/.rbenv/versions/2.0.0-p247/lib/ruby/gems/2.0.0/specifications/bourbon-3.1.8.gemspec
I, [2014-04-11T13:20:04.438439 #45159]  INFO -- : 0:  bitters (0.9.3) from /Users/rmerrill/.rbenv/versions/2.0.0-p247/lib/ruby/gems/2.0.0/specifications/bitters-0.9.3.gemspec
I, [2014-04-11T13:20:04.438665 #45159]  INFO -- : 0:  bundler (1.5.1) from /Users/rmerrill/.rbenv/versions/2.0.0-p247/lib/ruby/gems/2.0.0/specifications/bundler-1.5.1.gemspec
I, [2014-04-11T13:20:04.438827 #45159]  INFO -- : 0:  eventmachine (1.0.3) from /Users/rmerrill/.rbenv/versions/2.0.0-p247/lib/ruby/gems/2.0.0/specifications/eventmachine-1.0.3.gemspec
I, [2014-04-11T13:20:04.438995 #45159]  INFO -- : 0:  http_parser.rb (0.5.3) from /Users/rmerrill/.rbenv/versions/2.0.0-p247/lib/ruby/gems/2.0.0/specifications/http_parser.rb-0.5.3.gemspec
I, [2014-04-11T13:20:04.439166 #45159]  INFO -- : 0:  em-websocket (0.5.0) from /Users/rmerrill/.rbenv/versions/2.0.0-p247/lib/ruby/gems/2.0.0/specifications/em-websocket-0.5.0.gemspec
I, [2014-04-11T13:20:04.439331 #45159]  INFO -- : 0:  erubis (2.7.0) from /Users/rmerrill/.rbenv/versions/2.0.0-p247/lib/ruby/gems/2.0.0/specifications/erubis-2.7.0.gemspec
I, [2014-04-11T13:20:04.439499 #45159]  INFO -- : 0:  ffi (1.9.3) from /Users/rmerrill/.rbenv/versions/2.0.0-p247/lib/ruby/gems/2.0.0/specifications/ffi-1.9.3.gemspec
I, [2014-04-11T13:20:04.439675 #45159]  INFO -- : 0:  hike (1.2.3) from /Users/rmerrill/.rbenv/versions/2.0.0-p247/lib/ruby/gems/2.0.0/specifications/hike-1.2.3.gemspec
I, [2014-04-11T13:20:04.439830 #45159]  INFO -- : 0:  uber (0.0.4) from /Users/rmerrill/.rbenv/versions/2.0.0-p247/lib/ruby/gems/2.0.0/specifications/uber-0.0.4.gemspec
I, [2014-04-11T13:20:04.439985 #45159]  INFO -- : 0:  hooks (0.4.0) from /Users/rmerrill/.rbenv/versions/2.0.0-p247/lib/ruby/gems/2.0.0/specifications/hooks-0.4.0.gemspec
I, [2014-04-11T13:20:04.440142 #45159]  INFO -- : 0:  rb-fsevent (0.9.4) from /Users/rmerrill/.rbenv/versions/2.0.0-p247/lib/ruby/gems/2.0.0/specifications/rb-fsevent-0.9.4.gemspec
I, [2014-04-11T13:20:04.440300 #45159]  INFO -- : 0:  rb-inotify (0.9.3) from /Users/rmerrill/.rbenv/versions/2.0.0-p247/lib/ruby/gems/2.0.0/specifications/rb-inotify-0.9.3.gemspec
I, [2014-04-11T13:20:04.440456 #45159]  INFO -- : 0:  rb-kqueue (0.2.2) from /Users/rmerrill/.rbenv/versions/2.0.0-p247/lib/ruby/gems/2.0.0/specifications/rb-kqueue-0.2.2.gemspec
I, [2014-04-11T13:20:04.440615 #45159]  INFO -- : 0:  listen (1.3.1) from /Users/rmerrill/.rbenv/versions/2.0.0-p247/lib/ruby/gems/2.0.0/specifications/listen-1.3.1.gemspec
I, [2014-04-11T13:20:04.440770 #45159]  INFO -- : 0:  padrino-support (0.12.1) from /Users/rmerrill/.rbenv/versions/2.0.0-p247/lib/ruby/gems/2.0.0/specifications/padrino-support-0.12.1.gemspec
I, [2014-04-11T13:20:04.440926 #45159]  INFO -- : 0:  tilt (1.4.1) from /Users/rmerrill/.rbenv/versions/2.0.0-p247/lib/ruby/gems/2.0.0/specifications/tilt-1.4.1.gemspec
I, [2014-04-11T13:20:04.441083 #45159]  INFO -- : 0:  padrino-helpers (0.12.1) from /Users/rmerrill/.rbenv/versions/2.0.0-p247/lib/ruby/gems/2.0.0/specifications/padrino-helpers-0.12.1.gemspec
I, [2014-04-11T13:20:04.441239 #45159]  INFO -- : 0:  rack (1.5.2) from /Users/rmerrill/.rbenv/versions/2.0.0-p247/lib/ruby/gems/2.0.0/specifications/rack-1.5.2.gemspec
I, [2014-04-11T13:20:04.441390 #45159]  INFO -- : 0:  rack-test (0.6.2) from /Users/rmerrill/.rbenv/versions/2.0.0-p247/lib/ruby/gems/2.0.0/specifications/rack-test-0.6.2.gemspec
I, [2014-04-11T13:20:04.441553 #45159]  INFO -- : 0:  middleman-core (3.3.2) from /Users/rmerrill/.rbenv/versions/2.0.0-p247/lib/ruby/gems/2.0.0/specifications/middleman-core-3.3.2.gemspec
I, [2014-04-11T13:20:04.441708 #45159]  INFO -- : 0:  middleman-autoprefixer (0.2.3) from /Users/rmerrill/.rbenv/versions/2.0.0-p247/lib/ruby/gems/2.0.0/specifications/middleman-autoprefixer-0.2.3.gemspec
I, [2014-04-11T13:20:04.441863 #45159]  INFO -- : 0:  rack-livereload (0.3.15) from /Users/rmerrill/.rbenv/versions/2.0.0-p247/lib/ruby/gems/2.0.0/specifications/rack-livereload-0.3.15.gemspec
I, [2014-04-11T13:20:05.769237 #45159]  INFO -- : 0:  middleman-livereload (3.3.2) from /Users/rmerrill/.rbenv/versions/2.0.0-p247/lib/ruby/gems/2.0.0/specifications/middleman-livereload-3.3.2.gemspec
I, [2014-04-11T13:20:05.769577 #45159]  INFO -- : 0:  middleman-more (3.1.6) from /Users/rmerrill/.rbenv/versions/2.0.0-p247/lib/ruby/gems/2.0.0/specifications/middleman-more-3.1.6.gemspec
I, [2014-04-11T13:20:05.769823 #45159]  INFO -- : 0:  sprockets (2.12.0) from /Users/rmerrill/.rbenv/versions/2.0.0-p247/lib/ruby/gems/2.0.0/specifications/sprockets-2.12.0.gemspec
I, [2014-04-11T13:20:05.770052 #45159]  INFO -- : 0:  sprockets-helpers (1.0.1) from /Users/rmerrill/.rbenv/versions/2.0.0-p247/lib/ruby/gems/2.0.0/specifications/sprockets-helpers-1.0.1.gemspec
I, [2014-04-11T13:20:05.770275 #45159]  INFO -- : 0:  sprockets-sass (1.0.3) from /Users/rmerrill/.rbenv/versions/2.0.0-p247/lib/ruby/gems/2.0.0/specifications/sprockets-sass-1.0.3.gemspec
I, [2014-04-11T13:20:05.770501 #45159]  INFO -- : 0:  middleman-sprockets (3.1.4) from /Users/rmerrill/.rbenv/versions/2.0.0-p247/lib/ruby/gems/2.0.0/specifications/middleman-sprockets-3.1.4.gemspec
I, [2014-04-11T13:20:05.770733 #45159]  INFO -- : 0:  susy (2.1.1) from /Users/rmerrill/.rbenv/versions/2.0.0-p247/lib/ruby/gems/2.0.0/specifications/susy-2.1.1.gemspec
